2025-11-21 05:05:08,953 - URBasic_robotModelEvent - INFO - Init done
2025-11-21 05:05:09,466 - URBasic_realTimeClientEvent - INFO - Connected
2025-11-21 05:05:09,466 - URBasic_realTimeClientEvent - INFO - RT_CLient constructor done
2025-11-21 05:05:09,467 - URBasic_dataLogEvent - INFO - DataLog constructor done
2025-11-21 05:05:09,468 - URBasic_rtdeEvent - INFO - RTDE constructor done
2025-11-21 05:05:09,985 - URBasic_dashboardEvent - INFO - Connected
2025-11-21 05:05:09,985 - URBasic_dashboardEvent - INFO - UR Dashboard respond Connected: Universal Robots Dashboard Server
2025-11-21 05:05:09,985 - URBasic_dashboardEvent - INFO - Dashboard server constructor done
2025-11-21 05:05:09,985 - URBasic_robotConnectorEvent - INFO - Init done
2025-11-21 05:05:10,174 - URBasic_rtdeEvent - INFO - Controller version: 5.11.10-0
2025-11-21 05:05:10,177 - URBasic_rtdeEvent - INFO - RTDE started
2025-11-21 05:05:10,987 - URBasic_urScriptEvent - INFO - Init done
2025-11-21 05:05:11,018 - URBasic_urScriptExtEvent - INFO - Init done
2025-11-21 05:05:15,784 - URBasic_realTimeClientEvent - INFO - Program send to Robot:
def move_l():
  write_output_boolean_register(0, True)
    movel( p[-0.243, 0.278, 0.371, -3.08, 0.163, -0.08], a=0.1, v=0.1,  r=0)


  write_output_boolean_register(1, True)
end

2025-11-21 05:05:18,175 - URBasic_rtdeEvent - INFO - Total packages: 1000
2025-11-21 05:05:20,515 - URBasic_realTimeClientEvent - INFO - sendProgram: Finished
2025-11-21 05:05:20,579 - URBasic_realTimeClientEvent - INFO - Program send to Robot:
def resetRegister():
  write_output_boolean_register(0, False)
  write_output_boolean_register(1, False)
end

2025-11-21 05:05:20,692 - URBasic_realTimeClientEvent - INFO - Program send to Robot:
def move_l():
  write_output_boolean_register(0, True)
    movel( p[-0.243, 0.278, 0.371, -3.08, 0.163, -0.08], a=0.1, v=0.1,  r=0)


  write_output_boolean_register(1, True)
end

2025-11-21 05:05:20,802 - URBasic_realTimeClientEvent - INFO - sendProgram: Finished
2025-11-21 05:05:20,865 - URBasic_realTimeClientEvent - INFO - Program send to Robot:
def resetRegister():
  write_output_boolean_register(0, False)
  write_output_boolean_register(1, False)
end

2025-11-21 05:05:20,975 - URBasic_realTimeClientEvent - INFO - Program send to Robot:
def move_l():
  write_output_boolean_register(0, True)
    movel( p[-0.272, 0.409, -0.26, -3.08, 0.163, -0.08], a=0.1, v=0.1,  r=0)


  write_output_boolean_register(1, True)
end

2025-11-21 05:05:24,195 - URBasic_realTimeClientEvent - ERROR - SendProgram: Safety Stop
2025-11-21 05:05:24,259 - URBasic_realTimeClientEvent - INFO - Program send to Robot:
def resetRegister():
  write_output_boolean_register(0, False)
  write_output_boolean_register(1, False)
end

2025-11-21 05:05:26,175 - URBasic_rtdeEvent - INFO - Total packages: 2000
2025-11-21 05:05:34,176 - URBasic_rtdeEvent - INFO - Total packages: 3000
2025-11-21 05:05:42,176 - URBasic_rtdeEvent - INFO - Total packages: 4000
2025-11-21 05:05:50,176 - URBasic_rtdeEvent - INFO - Total packages: 5000
2025-11-21 05:05:58,178 - URBasic_rtdeEvent - INFO - Total packages: 6000
