2025-11-20 12:14:43,878 - URBasic_robotModelEvent - INFO - Init done
2025-11-20 12:14:44,423 - URBasic_realTimeClientEvent - INFO - Connected
2025-11-20 12:14:44,423 - URBasic_realTimeClientEvent - INFO - RT_CLient constructor done
2025-11-20 12:14:44,425 - URBasic_dataLogEvent - INFO - DataLog constructor done
2025-11-20 12:14:44,426 - URBasic_rtdeEvent - INFO - RTDE constructor done
2025-11-20 12:14:44,941 - URBasic_dashboardEvent - INFO - Connected
2025-11-20 12:14:44,942 - URBasic_dashboardEvent - INFO - UR Dashboard respond Connected: Universal Robots Dashboard Server
2025-11-20 12:14:44,942 - URBasic_dashboardEvent - INFO - Dashboard server constructor done
2025-11-20 12:14:44,942 - URBasic_robotConnectorEvent - INFO - Init done
2025-11-20 12:14:45,229 - URBasic_rtdeEvent - INFO - Controller version: 5.11.10-0
2025-11-20 12:14:45,232 - URBasic_rtdeEvent - INFO - RTDE started
2025-11-20 12:14:45,947 - URBasic_urScriptEvent - INFO - Init done
2025-11-20 12:14:45,980 - URBasic_urScriptExtEvent - INFO - Init done
2025-11-20 12:14:46,088 - URBasic_realTimeClientEvent - INFO - Program send to Robot:
def move_l():
  write_output_boolean_register(0, True)
    movel( p[0.244, -0.32, 0.3, -3.122, -0.03, -0.123], a=0.4, v=0.5,  r=0)


  write_output_boolean_register(1, True)
end

2025-11-20 12:14:48,013 - URBasic_realTimeClientEvent - INFO - sendProgram: Finished
2025-11-20 12:14:48,078 - URBasic_realTimeClientEvent - INFO - Program send to Robot:
def resetRegister():
  write_output_boolean_register(0, False)
  write_output_boolean_register(1, False)
end

2025-11-20 12:14:48,188 - URBasic_realTimeClientEvent - INFO - Program send to Robot:
def move_l():
  write_output_boolean_register(0, True)
    movel( p[0.25, -0.315, 0.152, -3.122, -0.03, -0.123], a=0.4, v=0.5,  r=0)


  write_output_boolean_register(1, True)
end

2025-11-20 12:14:49,663 - URBasic_realTimeClientEvent - INFO - sendProgram: Finished
2025-11-20 12:14:49,726 - URBasic_realTimeClientEvent - INFO - Program send to Robot:
def resetRegister():
  write_output_boolean_register(0, False)
  write_output_boolean_register(1, False)
end

2025-11-20 12:14:49,834 - URBasic_realTimeClientEvent - INFO - Program send to Robot:
def move_l():
  write_output_boolean_register(0, True)
    movel( p[0.244, -0.32, 0.3, -3.122, -0.03, -0.123], a=0.3, v=0.5,  r=0)


  write_output_boolean_register(1, True)
end

2025-11-20 12:14:51,495 - URBasic_realTimeClientEvent - INFO - sendProgram: Finished
2025-11-20 12:14:51,558 - URBasic_realTimeClientEvent - INFO - Program send to Robot:
def resetRegister():
  write_output_boolean_register(0, False)
  write_output_boolean_register(1, False)
end

2025-11-20 12:14:51,659 - URBasic_realTimeClientEvent - INFO - Program send to Robot:
def move_l():
  write_output_boolean_register(0, True)
    movel( p[-0.028, -0.371, 0.282, -3.122, -0.03, -0.12], a=0.4, v=0.5,  r=0)


  write_output_boolean_register(1, True)
end

2025-11-20 12:14:53,251 - URBasic_rtdeEvent - INFO - Total packages: 1000
2025-11-20 12:14:53,587 - URBasic_realTimeClientEvent - INFO - sendProgram: Finished
2025-11-20 12:14:53,649 - URBasic_realTimeClientEvent - INFO - Program send to Robot:
def resetRegister():
  write_output_boolean_register(0, False)
  write_output_boolean_register(1, False)
end

