2025-11-21 04:21:01,124 - URBasic_robotModelEvent - INFO - Init done
2025-11-21 04:21:01,637 - URBasic_realTimeClientEvent - INFO - Connected
2025-11-21 04:21:01,637 - URBasic_realTimeClientEvent - INFO - RT_CLient constructor done
2025-11-21 04:21:01,639 - URBasic_dataLogEvent - INFO - DataLog constructor done
2025-11-21 04:21:01,639 - URBasic_rtdeEvent - INFO - RTDE constructor done
2025-11-21 04:21:02,153 - URBasic_dashboardEvent - INFO - Connected
2025-11-21 04:21:02,153 - URBasic_dashboardEvent - INFO - UR Dashboard respond Connected: Universal Robots Dashboard Server
2025-11-21 04:21:02,153 - URBasic_dashboardEvent - INFO - Dashboard server constructor done
2025-11-21 04:21:02,154 - URBasic_robotConnectorEvent - INFO - Init done
2025-11-21 04:21:02,753 - URBasic_rtdeEvent - INFO - Controller version: 5.11.10-0
2025-11-21 04:21:02,756 - URBasic_rtdeEvent - INFO - RTDE started
2025-11-21 04:21:03,163 - URBasic_urScriptEvent - INFO - Init done
2025-11-21 04:21:03,193 - URBasic_urScriptExtEvent - INFO - Init done
2025-11-21 04:21:05,048 - URBasic_realTimeClientEvent - INFO - Program send to Robot:
def move_l():
  write_output_boolean_register(0, True)
    movel( p[-0.243, 0.278, 0.371, -3.08, 0.163, -0.08], a=0.1, v=0.1,  r=0)


  write_output_boolean_register(1, True)
end

2025-11-21 04:21:05,158 - URBasic_realTimeClientEvent - INFO - sendProgram: Finished
2025-11-21 04:21:05,221 - URBasic_realTimeClientEvent - INFO - Program send to Robot:
def resetRegister():
  write_output_boolean_register(0, False)
  write_output_boolean_register(1, False)
end

2025-11-21 04:21:05,330 - URBasic_realTimeClientEvent - INFO - Program send to Robot:
def move_l():
  write_output_boolean_register(0, True)
    movel( p[-0.243, 0.278, 0.371, -3.08, 0.163, -0.08], a=0.1, v=0.1,  r=0)


  write_output_boolean_register(1, True)
end

2025-11-21 04:21:06,739 - URBasic_realTimeClientEvent - ERROR - SendProgram: Safety Stop
2025-11-21 04:21:06,803 - URBasic_realTimeClientEvent - INFO - Program send to Robot:
def resetRegister():
  write_output_boolean_register(0, False)
  write_output_boolean_register(1, False)
end

2025-11-21 04:21:10,754 - URBasic_rtdeEvent - INFO - Total packages: 1000
2025-11-21 04:21:18,754 - URBasic_rtdeEvent - INFO - Total packages: 2000
2025-11-21 04:21:26,754 - URBasic_rtdeEvent - INFO - Total packages: 3000
