2025-11-21 03:09:31,662 - URBasic_robotModelEvent - INFO - Init done
2025-11-21 03:09:32,170 - URBasic_realTimeClientEvent - INFO - Connected
2025-11-21 03:09:32,170 - URBasic_realTimeClientEvent - INFO - RT_CLient constructor done
2025-11-21 03:09:32,172 - URBasic_dataLogEvent - INFO - DataLog constructor done
2025-11-21 03:09:32,172 - URBasic_rtdeEvent - INFO - RTDE constructor done
2025-11-21 03:09:32,689 - URBasic_dashboardEvent - INFO - Connected
2025-11-21 03:09:32,689 - URBasic_dashboardEvent - INFO - UR Dashboard respond Connected: Universal Robots Dashboard Server
2025-11-21 03:09:32,689 - URBasic_dashboardEvent - INFO - Dashboard server constructor done
2025-11-21 03:09:32,690 - URBasic_robotConnectorEvent - INFO - Init done
2025-11-21 03:09:33,279 - URBasic_rtdeEvent - INFO - Controller version: 5.11.10-0
2025-11-21 03:09:33,283 - URBasic_rtdeEvent - INFO - RTDE started
2025-11-21 03:09:33,697 - URBasic_urScriptEvent - INFO - Init done
2025-11-21 03:09:33,728 - URBasic_urScriptExtEvent - INFO - Init done
2025-11-21 03:09:33,729 - URBasic_realTimeClientEvent - INFO - Program send to Robot:
def move_l():
  write_output_boolean_register(0, True)
    movel( p[-0.3366, -0.2431, 0.15, -1.8471, -2.5203, 0.0339], a=0.3, v=0.1,  r=0)


  write_output_boolean_register(1, True)
end

2025-11-21 03:09:35,660 - URBasic_realTimeClientEvent - INFO - sendProgram: Finished
2025-11-21 03:09:35,722 - URBasic_realTimeClientEvent - INFO - Program send to Robot:
def resetRegister():
  write_output_boolean_register(0, False)
  write_output_boolean_register(1, False)
end

2025-11-21 03:09:36,662 - URBasic_realTimeClientEvent - INFO - Program send to Robot:
end_force_mode()

2025-11-21 03:09:36,865 - URBasic_dataLogEvent - INFO - DataLog is stopped
2025-11-21 03:09:36,873 - URBasic_rtdeEvent - INFO - RTDE interface is stopped
2025-11-21 03:09:36,874 - URBasic_realTimeClientEvent - INFO - Disconnected
2025-11-21 03:09:38,719 - URBasic_dashboardEvent - INFO - Dashboard server interface is stopped
