2025-11-20 11:17:05,011 - URBasic_robotModelEvent - INFO - Init done
2025-11-20 11:17:05,527 - URBasic_realTimeClientEvent - INFO - Connected
2025-11-20 11:17:05,527 - URBasic_realTimeClientEvent - INFO - RT_CLient constructor done
2025-11-20 11:17:05,528 - URBasic_dataLogEvent - INFO - DataLog constructor done
2025-11-20 11:17:05,530 - URBasic_rtdeEvent - INFO - RTDE constructor done
2025-11-20 11:17:06,044 - URBasic_dashboardEvent - INFO - Connected
2025-11-20 11:17:06,044 - URBasic_dashboardEvent - INFO - UR Dashboard respond Connected: Universal Robots Dashboard Server
2025-11-20 11:17:06,045 - URBasic_dashboardEvent - INFO - Dashboard server constructor done
2025-11-20 11:17:06,045 - URBasic_robotConnectorEvent - INFO - Init done
2025-11-20 11:17:06,710 - URBasic_rtdeEvent - INFO - Controller version: 5.11.10-0
2025-11-20 11:17:06,713 - URBasic_rtdeEvent - INFO - RTDE started
2025-11-20 11:17:07,046 - URBasic_urScriptEvent - INFO - Init done
2025-11-20 11:17:07,068 - URBasic_urScriptExtEvent - INFO - Init done
2025-11-20 11:17:07,179 - URBasic_realTimeClientEvent - INFO - Program send to Robot:
def move_l():
  write_output_boolean_register(0, True)
    movel( p[0.244, -0.32, 0.3, -3.122, -0.03, -0.123], a=0.4, v=0.5,  r=0)


  write_output_boolean_register(1, True)
end

2025-11-20 11:17:08,906 - URBasic_realTimeClientEvent - INFO - sendProgram: Finished
2025-11-20 11:17:08,968 - URBasic_realTimeClientEvent - INFO - Program send to Robot:
def resetRegister():
  write_output_boolean_register(0, False)
  write_output_boolean_register(1, False)
end

2025-11-20 11:17:09,079 - URBasic_realTimeClientEvent - INFO - Program send to Robot:
def move_l():
  write_output_boolean_register(0, True)
    movel( p[0.25, -0.315, 0.152, -3.122, -0.03, -0.123], a=0.4, v=0.5,  r=0)


  write_output_boolean_register(1, True)
end

2025-11-20 11:17:10,539 - URBasic_realTimeClientEvent - INFO - sendProgram: Finished
2025-11-20 11:17:10,613 - URBasic_realTimeClientEvent - INFO - Program send to Robot:
def resetRegister():
  write_output_boolean_register(0, False)
  write_output_boolean_register(1, False)
end

2025-11-20 11:17:10,731 - URBasic_realTimeClientEvent - INFO - Program send to Robot:
def move_l():
  write_output_boolean_register(0, True)
    movel( p[0.244, -0.32, 0.3, -3.122, -0.03, -0.123], a=0.3, v=0.5,  r=0)


  write_output_boolean_register(1, True)
end

2025-11-20 11:17:12,355 - URBasic_realTimeClientEvent - INFO - sendProgram: Finished
2025-11-20 11:17:12,419 - URBasic_realTimeClientEvent - INFO - Program send to Robot:
def resetRegister():
  write_output_boolean_register(0, False)
  write_output_boolean_register(1, False)
end

2025-11-20 11:17:12,528 - URBasic_realTimeClientEvent - INFO - Program send to Robot:
def move_l():
  write_output_boolean_register(0, True)
    movel( p[-0.028, -0.371, 0.282, -3.122, -0.03, -0.12], a=0.4, v=0.5,  r=0)


  write_output_boolean_register(1, True)
end

2025-11-20 11:17:14,439 - URBasic_realTimeClientEvent - INFO - sendProgram: Finished
2025-11-20 11:17:14,504 - URBasic_realTimeClientEvent - INFO - Program send to Robot:
def resetRegister():
  write_output_boolean_register(0, False)
  write_output_boolean_register(1, False)
end

2025-11-20 11:17:14,711 - URBasic_rtdeEvent - INFO - Total packages: 1000
2025-11-20 11:17:22,711 - URBasic_rtdeEvent - INFO - Total packages: 2000
