2025-11-21 03:34:16,063 - URBasic_robotModelEvent - INFO - Init done
2025-11-21 03:34:16,575 - URBasic_realTimeClientEvent - INFO - Connected
2025-11-21 03:34:16,575 - URBasic_realTimeClientEvent - INFO - RT_CLient constructor done
2025-11-21 03:34:16,577 - URBasic_dataLogEvent - INFO - DataLog constructor done
2025-11-21 03:34:16,578 - URBasic_rtdeEvent - INFO - RTDE constructor done
2025-11-21 03:34:17,095 - URBasic_dashboardEvent - INFO - Connected
2025-11-21 03:34:17,095 - URBasic_dashboardEvent - INFO - UR Dashboard respond Connected: Universal Robots Dashboard Server
2025-11-21 03:34:17,095 - URBasic_dashboardEvent - INFO - Dashboard server constructor done
2025-11-21 03:34:17,096 - URBasic_robotConnectorEvent - INFO - Init done
2025-11-21 03:34:17,963 - URBasic_rtdeEvent - INFO - Controller version: 5.11.10-0
2025-11-21 03:34:17,966 - URBasic_rtdeEvent - INFO - RTDE started
2025-11-21 03:34:18,108 - URBasic_urScriptEvent - INFO - Init done
2025-11-21 03:34:18,140 - URBasic_urScriptExtEvent - INFO - Init done
2025-11-21 03:34:18,141 - URBasic_realTimeClientEvent - INFO - Program send to Robot:
def move_l():
  write_output_boolean_register(0, True)
    movel( p[-0.243, 0.278, 0.371, -3.08, 0.163, -0.08], a=0.1, v=0.1,  r=0)


  write_output_boolean_register(1, True)
end

2025-11-21 03:34:23,666 - URBasic_realTimeClientEvent - INFO - sendProgram: Finished
2025-11-21 03:34:23,729 - URBasic_realTimeClientEvent - INFO - Program send to Robot:
def resetRegister():
  write_output_boolean_register(0, False)
  write_output_boolean_register(1, False)
end

2025-11-21 03:34:23,840 - URBasic_realTimeClientEvent - INFO - Program send to Robot:
def move_l():
  write_output_boolean_register(0, True)
    movel( p[-0.243, 0.278, 0.371, -3.08, 0.163, -0.08], a=0.1, v=0.1,  r=0)


  write_output_boolean_register(1, True)
end

2025-11-21 03:34:23,949 - URBasic_realTimeClientEvent - INFO - sendProgram: Finished
2025-11-21 03:34:24,012 - URBasic_realTimeClientEvent - INFO - Program send to Robot:
def resetRegister():
  write_output_boolean_register(0, False)
  write_output_boolean_register(1, False)
end

2025-11-21 03:34:24,121 - URBasic_realTimeClientEvent - INFO - Program send to Robot:
def move_l():
  write_output_boolean_register(0, True)
    movel( p[-0.284, 0.366, 0.153, -3.08, 0.163, -0.08], a=0.1, v=0.1,  r=0)


  write_output_boolean_register(1, True)
end

2025-11-21 03:34:25,964 - URBasic_rtdeEvent - INFO - Total packages: 1000
2025-11-21 03:34:27,761 - URBasic_realTimeClientEvent - INFO - sendProgram: Finished
2025-11-21 03:34:27,826 - URBasic_realTimeClientEvent - INFO - Program send to Robot:
def resetRegister():
  write_output_boolean_register(0, False)
  write_output_boolean_register(1, False)
end

2025-11-21 03:34:27,936 - URBasic_realTimeClientEvent - INFO - Program send to Robot:
def move_l():
  write_output_boolean_register(0, True)
    movel( p[-0.243, 0.278, 0.371, -3.08, 0.163, -0.08], a=0.3, v=0.1,  r=0)


  write_output_boolean_register(1, True)
end

2025-11-21 03:34:30,925 - URBasic_realTimeClientEvent - INFO - sendProgram: Finished
2025-11-21 03:34:30,989 - URBasic_realTimeClientEvent - INFO - Program send to Robot:
def resetRegister():
  write_output_boolean_register(0, False)
  write_output_boolean_register(1, False)
end

2025-11-21 03:34:31,101 - URBasic_realTimeClientEvent - INFO - Program send to Robot:
def move_l():
  write_output_boolean_register(0, True)
    movel( p[-0.268, 0.334, 0.275, -3.08, 0.163, -0.08], a=0.1, v=0.1,  r=0)


  write_output_boolean_register(1, True)
end

2025-11-21 03:34:33,496 - URBasic_realTimeClientEvent - INFO - sendProgram: Finished
2025-11-21 03:34:33,558 - URBasic_realTimeClientEvent - INFO - Program send to Robot:
def resetRegister():
  write_output_boolean_register(0, False)
  write_output_boolean_register(1, False)
end

2025-11-21 03:34:33,668 - URBasic_realTimeClientEvent - INFO - Program send to Robot:
def move_l():
  write_output_boolean_register(0, True)
    movel( p[-0.268, 0.334, 0.275, -3.08, 0.163, -0.08], a=0.1, v=0.1,  r=0)


  write_output_boolean_register(1, True)
end

2025-11-21 03:34:33,777 - URBasic_realTimeClientEvent - INFO - sendProgram: Finished
2025-11-21 03:34:33,840 - URBasic_realTimeClientEvent - INFO - Program send to Robot:
def resetRegister():
  write_output_boolean_register(0, False)
  write_output_boolean_register(1, False)
end

2025-11-21 03:34:33,949 - URBasic_realTimeClientEvent - INFO - Program send to Robot:
def move_l():
  write_output_boolean_register(0, True)
    movel( p[-0.452, 0.173, 0.133, -3.08, 0.163, -0.08], a=0.1, v=0.1,  r=0)


  write_output_boolean_register(1, True)
end

2025-11-21 03:34:33,965 - URBasic_rtdeEvent - INFO - Total packages: 2000
2025-11-21 03:34:38,002 - URBasic_realTimeClientEvent - INFO - sendProgram: Finished
2025-11-21 03:34:38,066 - URBasic_realTimeClientEvent - INFO - Program send to Robot:
def resetRegister():
  write_output_boolean_register(0, False)
  write_output_boolean_register(1, False)
end

2025-11-21 03:34:38,177 - URBasic_realTimeClientEvent - INFO - Program send to Robot:
def move_l():
  write_output_boolean_register(0, True)
    movel( p[-0.268, 0.334, 0.275, -3.08, 0.163, -0.08], a=0.1, v=0.1,  r=0)


  write_output_boolean_register(1, True)
end

2025-11-21 03:34:41,965 - URBasic_rtdeEvent - INFO - Total packages: 3000
2025-11-21 03:34:42,245 - URBasic_realTimeClientEvent - INFO - sendProgram: Finished
2025-11-21 03:34:42,309 - URBasic_realTimeClientEvent - INFO - Program send to Robot:
def resetRegister():
  write_output_boolean_register(0, False)
  write_output_boolean_register(1, False)
end

2025-11-21 03:34:42,420 - URBasic_realTimeClientEvent - INFO - Program send to Robot:
def move_l():
  write_output_boolean_register(0, True)
    movel( p[-0.38, -0.149, 0.371, -3.08, 0.163, -0.08], a=0.1, v=0.1,  r=0)


  write_output_boolean_register(1, True)
end

2025-11-21 03:34:48,725 - URBasic_realTimeClientEvent - INFO - sendProgram: Finished
2025-11-21 03:34:48,788 - URBasic_realTimeClientEvent - INFO - Program send to Robot:
def resetRegister():
  write_output_boolean_register(0, False)
  write_output_boolean_register(1, False)
end

2025-11-21 03:34:49,965 - URBasic_rtdeEvent - INFO - Total packages: 4000
