2025-11-21 03:45:23,203 - URBasic_robotModelEvent - INFO - Init done
2025-11-21 03:45:23,707 - URBasic_realTimeClientEvent - INFO - Connected
2025-11-21 03:45:23,707 - URBasic_realTimeClientEvent - INFO - RT_CLient constructor done
2025-11-21 03:45:23,708 - URBasic_dataLogEvent - INFO - DataLog constructor done
2025-11-21 03:45:23,708 - URBasic_rtdeEvent - INFO - RTDE constructor done
2025-11-21 03:45:24,233 - URBasic_dashboardEvent - INFO - Connected
2025-11-21 03:45:24,233 - URBasic_dashboardEvent - INFO - UR Dashboard respond Connected: Universal Robots Dashboard Server
2025-11-21 03:45:24,233 - URBasic_dashboardEvent - INFO - Dashboard server constructor done
2025-11-21 03:45:24,234 - URBasic_robotConnectorEvent - INFO - Init done
2025-11-21 03:45:25,078 - URBasic_rtdeEvent - INFO - Controller version: 5.11.10-0
2025-11-21 03:45:25,081 - URBasic_rtdeEvent - INFO - RTDE started
2025-11-21 03:45:25,245 - URBasic_urScriptEvent - INFO - Init done
2025-11-21 03:45:25,277 - URBasic_urScriptExtEvent - INFO - Init done
2025-11-21 03:45:33,080 - URBasic_rtdeEvent - INFO - Total packages: 1000
2025-11-21 03:45:41,081 - URBasic_rtdeEvent - INFO - Total packages: 2000
2025-11-21 03:45:49,082 - URBasic_rtdeEvent - INFO - Total packages: 3000
2025-11-21 03:45:57,082 - URBasic_rtdeEvent - INFO - Total packages: 4000
2025-11-21 03:45:59,054 - URBasic_realTimeClientEvent - INFO - Program send to Robot:
def move_l():
  write_output_boolean_register(0, True)
    movel( p[-0.243, 0.278, 0.371, -3.08, 0.163, -0.08], a=0.1, v=0.1,  r=0)


  write_output_boolean_register(1, True)
end

2025-11-21 03:45:59,163 - URBasic_realTimeClientEvent - INFO - sendProgram: Finished
2025-11-21 03:45:59,227 - URBasic_realTimeClientEvent - INFO - Program send to Robot:
def resetRegister():
  write_output_boolean_register(0, False)
  write_output_boolean_register(1, False)
end

2025-11-21 03:45:59,336 - URBasic_realTimeClientEvent - INFO - Program send to Robot:
def move_l():
  write_output_boolean_register(0, True)
    movel( p[-0.243, 0.278, 0.371, -3.08, 0.163, -0.08], a=0.1, v=0.1,  r=0)


  write_output_boolean_register(1, True)
end

2025-11-21 03:46:04,152 - URBasic_realTimeClientEvent - INFO - sendProgram: Finished
2025-11-21 03:46:04,215 - URBasic_realTimeClientEvent - INFO - Program send to Robot:
def resetRegister():
  write_output_boolean_register(0, False)
  write_output_boolean_register(1, False)
end

2025-11-21 03:46:04,325 - URBasic_realTimeClientEvent - INFO - Program send to Robot:
def move_l():
  write_output_boolean_register(0, True)
    movel( p[-0.284, 0.366, 0.153, -3.08, 0.163, -0.08], a=0.1, v=0.1,  r=0)


  write_output_boolean_register(1, True)
end

2025-11-21 03:46:05,082 - URBasic_rtdeEvent - INFO - Total packages: 5000
