2025-11-21 04:18:45,787 - URBasic_robotModelEvent - INFO - Init done
2025-11-21 04:18:46,330 - URBasic_realTimeClientEvent - INFO - Connected
2025-11-21 04:18:46,330 - URBasic_realTimeClientEvent - INFO - RT_CLient constructor done
2025-11-21 04:18:46,334 - URBasic_dataLogEvent - INFO - DataLog constructor done
2025-11-21 04:18:46,336 - URBasic_rtdeEvent - INFO - RTDE constructor done
2025-11-21 04:18:46,849 - URBasic_dashboardEvent - INFO - Connected
2025-11-21 04:18:46,849 - URBasic_dashboardEvent - INFO - UR Dashboard respond Connected: Universal Robots Dashboard Server
2025-11-21 04:18:46,850 - URBasic_dashboardEvent - INFO - Dashboard server constructor done
2025-11-21 04:18:46,850 - URBasic_robotConnectorEvent - INFO - Init done
2025-11-21 04:18:47,182 - URBasic_rtdeEvent - INFO - Controller version: 5.11.10-0
2025-11-21 04:18:47,187 - URBasic_rtdeEvent - INFO - RTDE started
2025-11-21 04:18:47,852 - URBasic_urScriptEvent - INFO - Init done
2025-11-21 04:18:47,883 - URBasic_urScriptExtEvent - INFO - Init done
2025-11-21 04:18:47,884 - URBasic_realTimeClientEvent - INFO - Program send to Robot:
def move_l():
  write_output_boolean_register(0, True)
    movel( p[-0.243, 0.278, 0.371, -3.08, 0.163, -0.08], a=0.1, v=0.1,  r=0)


  write_output_boolean_register(1, True)
end

2025-11-21 04:18:47,995 - URBasic_realTimeClientEvent - INFO - sendProgram: Finished
2025-11-21 04:18:48,059 - URBasic_realTimeClientEvent - INFO - Program send to Robot:
def resetRegister():
  write_output_boolean_register(0, False)
  write_output_boolean_register(1, False)
end

2025-11-21 04:18:48,171 - URBasic_realTimeClientEvent - INFO - Program send to Robot:
def move_l():
  write_output_boolean_register(0, True)
    movel( p[-0.243, 0.278, 0.371, -3.08, 0.163, -0.08], a=0.1, v=0.1,  r=0)


  write_output_boolean_register(1, True)
end

2025-11-21 04:18:48,280 - URBasic_realTimeClientEvent - INFO - sendProgram: Finished
2025-11-21 04:18:48,342 - URBasic_realTimeClientEvent - INFO - Program send to Robot:
def resetRegister():
  write_output_boolean_register(0, False)
  write_output_boolean_register(1, False)
end

2025-11-21 04:18:48,450 - URBasic_realTimeClientEvent - INFO - Program send to Robot:
def move_l():
  write_output_boolean_register(0, True)
    movel( p[-0.284, 0.366, 0.153, -3.08, 0.163, -0.08], a=0.1, v=0.1,  r=0)


  write_output_boolean_register(1, True)
end

2025-11-21 04:18:48,561 - URBasic_realTimeClientEvent - INFO - sendProgram: Finished
2025-11-21 04:18:48,622 - URBasic_realTimeClientEvent - INFO - Program send to Robot:
def resetRegister():
  write_output_boolean_register(0, False)
  write_output_boolean_register(1, False)
end

2025-11-21 04:18:48,732 - URBasic_realTimeClientEvent - INFO - Program send to Robot:
def move_l():
  write_output_boolean_register(0, True)
    movel( p[-0.243, 0.278, 0.371, -3.08, 0.163, -0.08], a=0.3, v=0.1,  r=0)


  write_output_boolean_register(1, True)
end

2025-11-21 04:18:48,845 - URBasic_realTimeClientEvent - INFO - sendProgram: Finished
2025-11-21 04:18:48,908 - URBasic_realTimeClientEvent - INFO - Program send to Robot:
def resetRegister():
  write_output_boolean_register(0, False)
  write_output_boolean_register(1, False)
end

2025-11-21 04:18:49,015 - URBasic_realTimeClientEvent - INFO - Program send to Robot:
def move_l():
  write_output_boolean_register(0, True)
    movel( p[-0.268, 0.334, 0.275, -3.08, 0.163, -0.08], a=0.1, v=0.1,  r=0)


  write_output_boolean_register(1, True)
end

2025-11-21 04:18:49,127 - URBasic_realTimeClientEvent - INFO - sendProgram: Finished
2025-11-21 04:18:49,179 - URBasic_realTimeClientEvent - INFO - Program send to Robot:
def resetRegister():
  write_output_boolean_register(0, False)
  write_output_boolean_register(1, False)
end

2025-11-21 04:18:49,285 - URBasic_realTimeClientEvent - INFO - Program send to Robot:
def move_l():
  write_output_boolean_register(0, True)
    movel( p[-0.268, 0.334, 0.275, -3.08, 0.163, -0.08], a=0.1, v=0.1,  r=0)


  write_output_boolean_register(1, True)
end

2025-11-21 04:18:49,396 - URBasic_realTimeClientEvent - INFO - sendProgram: Finished
2025-11-21 04:18:49,459 - URBasic_realTimeClientEvent - INFO - Program send to Robot:
def resetRegister():
  write_output_boolean_register(0, False)
  write_output_boolean_register(1, False)
end

2025-11-21 04:18:49,568 - URBasic_realTimeClientEvent - INFO - Program send to Robot:
def move_l():
  write_output_boolean_register(0, True)
    movel( p[-0.452, 0.173, 0.133, -3.08, 0.163, -0.08], a=0.1, v=0.1,  r=0)


  write_output_boolean_register(1, True)
end

2025-11-21 04:18:49,680 - URBasic_realTimeClientEvent - INFO - sendProgram: Finished
2025-11-21 04:18:49,739 - URBasic_realTimeClientEvent - INFO - Program send to Robot:
def resetRegister():
  write_output_boolean_register(0, False)
  write_output_boolean_register(1, False)
end

2025-11-21 04:18:49,847 - URBasic_realTimeClientEvent - INFO - Program send to Robot:
def move_l():
  write_output_boolean_register(0, True)
    movel( p[-0.268, 0.334, 0.275, -3.08, 0.163, -0.08], a=0.1, v=0.1,  r=0)


  write_output_boolean_register(1, True)
end

2025-11-21 04:18:49,956 - URBasic_realTimeClientEvent - INFO - sendProgram: Finished
2025-11-21 04:18:50,016 - URBasic_realTimeClientEvent - INFO - Program send to Robot:
def resetRegister():
  write_output_boolean_register(0, False)
  write_output_boolean_register(1, False)
end

2025-11-21 04:18:50,128 - URBasic_realTimeClientEvent - INFO - Program send to Robot:
def move_l():
  write_output_boolean_register(0, True)
    movel( p[-0.38, -0.149, 0.3, -3.08, 0.163, -0.08], a=0.1, v=0.1,  r=0)


  write_output_boolean_register(1, True)
end

2025-11-21 04:18:50,238 - URBasic_realTimeClientEvent - INFO - sendProgram: Finished
2025-11-21 04:18:50,301 - URBasic_realTimeClientEvent - INFO - Program send to Robot:
def resetRegister():
  write_output_boolean_register(0, False)
  write_output_boolean_register(1, False)
end

2025-11-21 04:18:55,184 - URBasic_rtdeEvent - INFO - Total packages: 1000
