2025-11-21 04:43:04,523 - URBasic_robotModelEvent - INFO - Init done
2025-11-21 04:43:05,035 - URBasic_realTimeClientEvent - INFO - Connected
2025-11-21 04:43:05,035 - URBasic_realTimeClientEvent - INFO - RT_CLient constructor done
2025-11-21 04:43:05,037 - URBasic_dataLogEvent - INFO - DataLog constructor done
2025-11-21 04:43:05,039 - URBasic_rtdeEvent - INFO - RTDE constructor done
2025-11-21 04:43:05,575 - URBasic_dashboardEvent - INFO - Connected
2025-11-21 04:43:05,575 - URBasic_dashboardEvent - INFO - UR Dashboard respond Connected: Universal Robots Dashboard Server
2025-11-21 04:43:05,576 - URBasic_dashboardEvent - INFO - Dashboard server constructor done
2025-11-21 04:43:05,576 - URBasic_robotConnectorEvent - INFO - Init done
2025-11-21 04:43:05,746 - URBasic_rtdeEvent - INFO - Controller version: 5.11.10-0
2025-11-21 04:43:05,749 - URBasic_rtdeEvent - INFO - RTDE started
2025-11-21 04:43:06,580 - URBasic_urScriptEvent - INFO - Init done
2025-11-21 04:43:06,611 - URBasic_urScriptExtEvent - INFO - Init done
2025-11-21 04:43:09,619 - URBasic_realTimeClientEvent - INFO - Program send to Robot:
def move_l():
  write_output_boolean_register(0, True)
    movel( p[-0.243, 0.278, 0.371, -3.08, 0.163, -0.08], a=0.1, v=0.1,  r=0)


  write_output_boolean_register(1, True)
end

2025-11-21 04:43:13,748 - URBasic_rtdeEvent - INFO - Total packages: 1000
2025-11-21 04:43:15,417 - URBasic_realTimeClientEvent - INFO - sendProgram: Finished
2025-11-21 04:43:15,480 - URBasic_realTimeClientEvent - INFO - Program send to Robot:
def resetRegister():
  write_output_boolean_register(0, False)
  write_output_boolean_register(1, False)
end

2025-11-21 04:43:15,590 - URBasic_realTimeClientEvent - INFO - Program send to Robot:
def move_l():
  write_output_boolean_register(0, True)
    movel( p[-0.243, 0.278, 0.371, -3.08, 0.163, -0.08], a=0.1, v=0.1,  r=0)


  write_output_boolean_register(1, True)
end

2025-11-21 04:43:15,701 - URBasic_realTimeClientEvent - INFO - sendProgram: Finished
2025-11-21 04:43:15,764 - URBasic_realTimeClientEvent - INFO - Program send to Robot:
def resetRegister():
  write_output_boolean_register(0, False)
  write_output_boolean_register(1, False)
end

2025-11-21 04:43:15,876 - URBasic_realTimeClientEvent - INFO - Program send to Robot:
def move_l():
  write_output_boolean_register(0, True)
    movel( p[-0.284, 0.366, 0.153, -3.08, 0.163, -0.08], a=0.1, v=0.1,  r=0)


  write_output_boolean_register(1, True)
end

2025-11-21 04:43:19,490 - URBasic_realTimeClientEvent - INFO - sendProgram: Finished
2025-11-21 04:43:19,553 - URBasic_realTimeClientEvent - INFO - Program send to Robot:
def resetRegister():
  write_output_boolean_register(0, False)
  write_output_boolean_register(1, False)
end

2025-11-21 04:43:19,662 - URBasic_realTimeClientEvent - INFO - Program send to Robot:
def move_l():
  write_output_boolean_register(0, True)
    movel( p[-0.243, 0.278, 0.371, -3.08, 0.163, -0.08], a=0.3, v=0.1,  r=0)


  write_output_boolean_register(1, True)
end

2025-11-21 04:43:21,748 - URBasic_rtdeEvent - INFO - Total packages: 2000
2025-11-21 04:43:22,622 - URBasic_realTimeClientEvent - INFO - sendProgram: Finished
2025-11-21 04:43:22,684 - URBasic_realTimeClientEvent - INFO - Program send to Robot:
def resetRegister():
  write_output_boolean_register(0, False)
  write_output_boolean_register(1, False)
end

2025-11-21 04:43:22,794 - URBasic_realTimeClientEvent - INFO - Program send to Robot:
def move_l():
  write_output_boolean_register(0, True)
    movel( p[-0.268, 0.334, 0.275, -3.08, 0.163, -0.08], a=0.1, v=0.1,  r=0)


  write_output_boolean_register(1, True)
end

2025-11-21 04:43:25,164 - URBasic_realTimeClientEvent - INFO - sendProgram: Finished
2025-11-21 04:43:25,226 - URBasic_realTimeClientEvent - INFO - Program send to Robot:
def resetRegister():
  write_output_boolean_register(0, False)
  write_output_boolean_register(1, False)
end

2025-11-21 04:43:29,749 - URBasic_rtdeEvent - INFO - Total packages: 3000
2025-11-21 04:43:37,749 - URBasic_rtdeEvent - INFO - Total packages: 4000
2025-11-21 04:43:45,750 - URBasic_rtdeEvent - INFO - Total packages: 5000
2025-11-21 04:43:49,350 - URBasic_realTimeClientEvent - INFO - Program send to Robot:
def move_l():
  write_output_boolean_register(0, True)
    movel( p[-0.268, 0.334, 0.275, -3.08, 0.163, -0.08], a=0.1, v=0.1,  r=0)


  write_output_boolean_register(1, True)
end

2025-11-21 04:43:49,459 - URBasic_realTimeClientEvent - INFO - sendProgram: Finished
2025-11-21 04:43:49,521 - URBasic_realTimeClientEvent - INFO - Program send to Robot:
def resetRegister():
  write_output_boolean_register(0, False)
  write_output_boolean_register(1, False)
end

2025-11-21 04:43:49,630 - URBasic_realTimeClientEvent - INFO - Program send to Robot:
def move_l():
  write_output_boolean_register(0, True)
    movel( p[-0.452, 0.173, 0.133, -3.08, 0.163, -0.08], a=0.1, v=0.1,  r=0)


  write_output_boolean_register(1, True)
end

2025-11-21 04:43:53,723 - URBasic_realTimeClientEvent - INFO - sendProgram: Finished
2025-11-21 04:43:53,750 - URBasic_rtdeEvent - INFO - Total packages: 6000
2025-11-21 04:43:53,787 - URBasic_realTimeClientEvent - INFO - Program send to Robot:
def resetRegister():
  write_output_boolean_register(0, False)
  write_output_boolean_register(1, False)
end

2025-11-21 04:43:53,896 - URBasic_realTimeClientEvent - INFO - Program send to Robot:
def move_l():
  write_output_boolean_register(0, True)
    movel( p[-0.268, 0.334, 0.275, -3.08, 0.163, -0.08], a=0.1, v=0.1,  r=0)


  write_output_boolean_register(1, True)
end

