2025-11-21 03:20:31,386 - URBasic_robotModelEvent - INFO - Init done
2025-11-21 03:20:31,900 - URBasic_realTimeClientEvent - INFO - Connected
2025-11-21 03:20:31,900 - URBasic_realTimeClientEvent - INFO - RT_CLient constructor done
2025-11-21 03:20:31,902 - URBasic_dataLogEvent - INFO - DataLog constructor done
2025-11-21 03:20:31,903 - URBasic_rtdeEvent - INFO - RTDE constructor done
2025-11-21 03:20:32,430 - URBasic_dashboardEvent - INFO - Connected
2025-11-21 03:20:32,430 - URBasic_dashboardEvent - INFO - UR Dashboard respond Connected: Universal Robots Dashboard Server
2025-11-21 03:20:32,431 - URBasic_dashboardEvent - INFO - Dashboard server constructor done
2025-11-21 03:20:32,431 - URBasic_robotConnectorEvent - INFO - Init done
2025-11-21 03:20:32,727 - URBasic_rtdeEvent - INFO - Controller version: 5.11.10-0
2025-11-21 03:20:32,730 - URBasic_rtdeEvent - INFO - RTDE started
2025-11-21 03:20:33,433 - URBasic_urScriptEvent - INFO - Init done
2025-11-21 03:20:33,465 - URBasic_urScriptExtEvent - INFO - Init done
2025-11-21 03:20:33,466 - URBasic_realTimeClientEvent - INFO - Program send to Robot:
def move_l():
  write_output_boolean_register(0, True)
    movel( p[-0.243, 0.278, 0.371, -3.08, 0.163, -0.08], a=0.1, v=0.1,  r=0)


  write_output_boolean_register(1, True)
end

2025-11-21 03:20:33,574 - URBasic_realTimeClientEvent - INFO - sendProgram: Finished
2025-11-21 03:20:33,637 - URBasic_realTimeClientEvent - INFO - Program send to Robot:
def resetRegister():
  write_output_boolean_register(0, False)
  write_output_boolean_register(1, False)
end

2025-11-21 03:20:33,748 - URBasic_realTimeClientEvent - INFO - Program send to Robot:
def move_l():
  write_output_boolean_register(0, True)
    movel( p[-0.243, 0.278, 0.371, -3.08, 0.163, -0.08], a=0.1, v=0.1,  r=0)


  write_output_boolean_register(1, True)
end

2025-11-21 03:20:38,731 - URBasic_realTimeClientEvent - INFO - sendProgram: Finished
2025-11-21 03:20:38,794 - URBasic_realTimeClientEvent - INFO - Program send to Robot:
def resetRegister():
  write_output_boolean_register(0, False)
  write_output_boolean_register(1, False)
end

2025-11-21 03:20:38,903 - URBasic_realTimeClientEvent - INFO - Program send to Robot:
def move_l():
  write_output_boolean_register(0, True)
    movel( p[-0.284, 0.366, 0.153, -3.08, 0.163, -0.08], a=0.1, v=0.1,  r=0)


  write_output_boolean_register(1, True)
end

2025-11-21 03:20:40,727 - URBasic_rtdeEvent - INFO - Total packages: 1000
2025-11-21 03:20:42,496 - URBasic_realTimeClientEvent - INFO - sendProgram: Finished
2025-11-21 03:20:42,559 - URBasic_realTimeClientEvent - INFO - Program send to Robot:
def resetRegister():
  write_output_boolean_register(0, False)
  write_output_boolean_register(1, False)
end

2025-11-21 03:20:42,668 - URBasic_realTimeClientEvent - INFO - Program send to Robot:
def move_l():
  write_output_boolean_register(0, True)
    movel( p[-0.243, 0.278, 0.371, -3.08, 0.163, -0.08], a=0.3, v=0.1,  r=0)


  write_output_boolean_register(1, True)
end

2025-11-21 03:20:45,662 - URBasic_realTimeClientEvent - INFO - sendProgram: Finished
2025-11-21 03:20:45,726 - URBasic_realTimeClientEvent - INFO - Program send to Robot:
def resetRegister():
  write_output_boolean_register(0, False)
  write_output_boolean_register(1, False)
end

2025-11-21 03:20:45,835 - URBasic_realTimeClientEvent - INFO - Program send to Robot:
def move_l():
  write_output_boolean_register(0, True)
    movel( p[-0.268, 0.334, 0.275, -3.08, 0.163, -0.08], a=0.1, v=0.1,  r=0)


  write_output_boolean_register(1, True)
end

2025-11-21 03:20:48,220 - URBasic_realTimeClientEvent - INFO - sendProgram: Finished
2025-11-21 03:20:48,283 - URBasic_realTimeClientEvent - INFO - Program send to Robot:
def resetRegister():
  write_output_boolean_register(0, False)
  write_output_boolean_register(1, False)
end

2025-11-21 03:20:48,728 - URBasic_rtdeEvent - INFO - Total packages: 2000
2025-11-21 03:20:56,728 - URBasic_rtdeEvent - INFO - Total packages: 3000
2025-11-21 03:21:04,729 - URBasic_rtdeEvent - INFO - Total packages: 4000
2025-11-21 03:21:12,728 - URBasic_rtdeEvent - INFO - Total packages: 5000
2025-11-21 03:21:13,058 - URBasic_realTimeClientEvent - INFO - Program send to Robot:
def move_l():
  write_output_boolean_register(0, True)
    movel( p[-0.268, 0.334, 0.275, -3.08, 0.163, -0.08], a=0.1, v=0.1,  r=0)


  write_output_boolean_register(1, True)
end

2025-11-21 03:21:13,168 - URBasic_realTimeClientEvent - INFO - sendProgram: Finished
2025-11-21 03:21:13,231 - URBasic_realTimeClientEvent - INFO - Program send to Robot:
def resetRegister():
  write_output_boolean_register(0, False)
  write_output_boolean_register(1, False)
end

2025-11-21 03:21:13,341 - URBasic_realTimeClientEvent - INFO - Program send to Robot:
def move_l():
  write_output_boolean_register(0, True)
    movel( p[-0.452, 0.173, 0.133, -3.08, 0.163, -0.08], a=0.1, v=0.1,  r=0)


  write_output_boolean_register(1, True)
end

2025-11-21 03:21:17,395 - URBasic_realTimeClientEvent - INFO - sendProgram: Finished
2025-11-21 03:21:17,457 - URBasic_realTimeClientEvent - INFO - Program send to Robot:
def resetRegister():
  write_output_boolean_register(0, False)
  write_output_boolean_register(1, False)
end

2025-11-21 03:21:17,569 - URBasic_realTimeClientEvent - INFO - Program send to Robot:
def move_l():
  write_output_boolean_register(0, True)
    movel( p[-0.268, 0.334, 0.275, -3.08, 0.163, -0.08], a=0.1, v=0.1,  r=0)


  write_output_boolean_register(1, True)
end

2025-11-21 03:21:20,729 - URBasic_rtdeEvent - INFO - Total packages: 6000
2025-11-21 03:21:21,615 - URBasic_realTimeClientEvent - INFO - sendProgram: Finished
2025-11-21 03:21:21,678 - URBasic_realTimeClientEvent - INFO - Program send to Robot:
def resetRegister():
  write_output_boolean_register(0, False)
  write_output_boolean_register(1, False)
end

2025-11-21 03:21:21,787 - URBasic_realTimeClientEvent - INFO - Program send to Robot:
def move_l():
  write_output_boolean_register(0, True)
    movel( p[-0.365, -0.945, 0.36, -3.08, 0.163, -0.08], a=0.1, v=0.1,  r=0)


  write_output_boolean_register(1, True)
end

2025-11-21 03:21:28,729 - URBasic_rtdeEvent - INFO - Total packages: 7000
2025-11-21 03:21:29,344 - URBasic_realTimeClientEvent - ERROR - SendProgram: Safety Stop
2025-11-21 03:21:29,408 - URBasic_realTimeClientEvent - INFO - Program send to Robot:
def resetRegister():
  write_output_boolean_register(0, False)
  write_output_boolean_register(1, False)
end

