2025-11-20 11:31:24,664 - URBasic_robotModelEvent - INFO - Init done
2025-11-20 11:31:25,176 - URBasic_realTimeClientEvent - INFO - Connected
2025-11-20 11:31:25,176 - URBasic_realTimeClientEvent - INFO - RT_CLient constructor done
2025-11-20 11:31:25,178 - URBasic_dataLogEvent - INFO - DataLog constructor done
2025-11-20 11:31:25,179 - URBasic_rtdeEvent - INFO - RTDE constructor done
2025-11-20 11:31:25,695 - URBasic_dashboardEvent - INFO - Connected
2025-11-20 11:31:25,695 - URBasic_dashboardEvent - INFO - UR Dashboard respond Connected: Universal Robots Dashboard Server
2025-11-20 11:31:25,695 - URBasic_dashboardEvent - INFO - Dashboard server constructor done
2025-11-20 11:31:25,696 - URBasic_robotConnectorEvent - INFO - Init done
2025-11-20 11:31:26,059 - URBasic_rtdeEvent - INFO - Controller version: 5.11.10-0
2025-11-20 11:31:26,063 - URBasic_rtdeEvent - INFO - RTDE started
2025-11-20 11:31:26,703 - URBasic_urScriptEvent - INFO - Init done
2025-11-20 11:31:26,736 - URBasic_urScriptExtEvent - INFO - Init done
2025-11-20 11:31:26,847 - URBasic_realTimeClientEvent - INFO - Program send to Robot:
def move_l():
  write_output_boolean_register(0, True)
    movel( p[0.244, -0.32, 0.3, -3.122, -0.03, -0.123], a=0.4, v=0.5,  r=0)


  write_output_boolean_register(1, True)
end

2025-11-20 11:31:28,761 - URBasic_realTimeClientEvent - INFO - sendProgram: Finished
2025-11-20 11:31:28,825 - URBasic_realTimeClientEvent - INFO - Program send to Robot:
def resetRegister():
  write_output_boolean_register(0, False)
  write_output_boolean_register(1, False)
end

2025-11-20 11:31:28,935 - URBasic_realTimeClientEvent - INFO - Program send to Robot:
def move_l():
  write_output_boolean_register(0, True)
    movel( p[0.25, -0.315, 0.152, -3.122, -0.03, -0.123], a=0.4, v=0.5,  r=0)


  write_output_boolean_register(1, True)
end

2025-11-20 11:31:30,417 - URBasic_realTimeClientEvent - INFO - sendProgram: Finished
2025-11-20 11:31:30,482 - URBasic_realTimeClientEvent - INFO - Program send to Robot:
def resetRegister():
  write_output_boolean_register(0, False)
  write_output_boolean_register(1, False)
end

2025-11-20 11:31:30,584 - URBasic_realTimeClientEvent - INFO - Program send to Robot:
def move_l():
  write_output_boolean_register(0, True)
    movel( p[0.244, -0.32, 0.3, -3.122, -0.03, -0.123], a=0.3, v=0.5,  r=0)


  write_output_boolean_register(1, True)
end

2025-11-20 11:31:32,213 - URBasic_realTimeClientEvent - INFO - sendProgram: Finished
2025-11-20 11:31:32,277 - URBasic_realTimeClientEvent - INFO - Program send to Robot:
def resetRegister():
  write_output_boolean_register(0, False)
  write_output_boolean_register(1, False)
end

2025-11-20 11:31:32,386 - URBasic_realTimeClientEvent - INFO - Program send to Robot:
def move_l():
  write_output_boolean_register(0, True)
    movel( p[-0.028, -0.371, 0.282, -3.122, -0.03, -0.12], a=0.4, v=0.5,  r=0)


  write_output_boolean_register(1, True)
end

2025-11-20 11:31:34,061 - URBasic_rtdeEvent - INFO - Total packages: 1000
2025-11-20 11:31:34,278 - URBasic_realTimeClientEvent - INFO - sendProgram: Finished
2025-11-20 11:31:34,340 - URBasic_realTimeClientEvent - INFO - Program send to Robot:
def resetRegister():
  write_output_boolean_register(0, False)
  write_output_boolean_register(1, False)
end

2025-11-20 11:31:42,061 - URBasic_rtdeEvent - INFO - Total packages: 2000
