2025-11-20 08:50:17,940 - URBasic_robotModelEvent - INFO - Init done
2025-11-20 08:50:18,453 - URBasic_realTimeClientEvent - INFO - Connected
2025-11-20 08:50:18,453 - URBasic_realTimeClientEvent - INFO - RT_CLient constructor done
2025-11-20 08:50:18,454 - URBasic_dataLogEvent - INFO - DataLog constructor done
2025-11-20 08:50:18,455 - URBasic_rtdeEvent - INFO - RTDE constructor done
2025-11-20 08:50:18,975 - URBasic_dashboardEvent - INFO - Connected
2025-11-20 08:50:18,975 - URBasic_dashboardEvent - INFO - UR Dashboard respond Connected: Universal Robots Dashboard Server
2025-11-20 08:50:18,975 - URBasic_dashboardEvent - INFO - Dashboard server constructor done
2025-11-20 08:50:18,976 - URBasic_robotConnectorEvent - INFO - Init done
2025-11-20 08:50:19,272 - URBasic_rtdeEvent - INFO - Controller version: 5.11.10-0
2025-11-20 08:50:19,278 - URBasic_rtdeEvent - INFO - RTDE started
2025-11-20 08:50:19,985 - URBasic_urScriptEvent - INFO - Init done
2025-11-20 08:50:20,015 - URBasic_urScriptExtEvent - INFO - Init done
2025-11-20 08:50:27,274 - URBasic_rtdeEvent - INFO - Total packages: 1000
2025-11-20 08:50:35,274 - URBasic_rtdeEvent - INFO - Total packages: 2000
2025-11-20 08:50:43,275 - URBasic_rtdeEvent - INFO - Total packages: 3000
2025-11-20 08:50:51,277 - URBasic_rtdeEvent - INFO - Total packages: 4000
2025-11-20 08:50:59,276 - URBasic_rtdeEvent - INFO - Total packages: 5000
2025-11-20 08:51:07,276 - URBasic_rtdeEvent - INFO - Total packages: 6000
2025-11-20 08:51:15,276 - URBasic_rtdeEvent - INFO - Total packages: 7000
2025-11-20 08:51:23,277 - URBasic_rtdeEvent - INFO - Total packages: 8000
