2025-11-21 04:44:18,632 - URBasic_robotModelEvent - INFO - Init done
2025-11-21 04:44:19,147 - URBasic_realTimeClientEvent - INFO - Connected
2025-11-21 04:44:19,147 - URBasic_realTimeClientEvent - INFO - RT_CLient constructor done
2025-11-21 04:44:19,148 - URBasic_dataLogEvent - INFO - DataLog constructor done
2025-11-21 04:44:19,149 - URBasic_rtdeEvent - INFO - RTDE constructor done
2025-11-21 04:44:19,666 - URBasic_dashboardEvent - INFO - Connected
2025-11-21 04:44:19,667 - URBasic_dashboardEvent - INFO - UR Dashboard respond Connected: Universal Robots Dashboard Server
2025-11-21 04:44:19,668 - URBasic_dashboardEvent - INFO - Dashboard server constructor done
2025-11-21 04:44:19,668 - URBasic_robotConnectorEvent - INFO - Init done
2025-11-21 04:44:19,944 - URBasic_rtdeEvent - INFO - Controller version: 5.11.10-0
2025-11-21 04:44:19,946 - URBasic_rtdeEvent - INFO - RTDE started
2025-11-21 04:44:20,669 - URBasic_urScriptEvent - INFO - Init done
2025-11-21 04:44:20,691 - URBasic_urScriptExtEvent - INFO - Init done
2025-11-21 04:44:26,412 - URBasic_realTimeClientEvent - INFO - Program send to Robot:
def move_l():
  write_output_boolean_register(0, True)
    movel( p[-0.243, 0.278, 0.371, -3.08, 0.163, -0.08], a=0.1, v=0.1,  r=0)


  write_output_boolean_register(1, True)
end

2025-11-21 04:44:26,521 - URBasic_realTimeClientEvent - INFO - sendProgram: Finished
2025-11-21 04:44:26,584 - URBasic_realTimeClientEvent - INFO - Program send to Robot:
def resetRegister():
  write_output_boolean_register(0, False)
  write_output_boolean_register(1, False)
end

2025-11-21 04:44:26,694 - URBasic_realTimeClientEvent - INFO - Program send to Robot:
def move_l():
  write_output_boolean_register(0, True)
    movel( p[-0.243, 0.278, 0.371, -3.08, 0.163, -0.08], a=0.1, v=0.1,  r=0)


  write_output_boolean_register(1, True)
end

2025-11-21 04:44:27,943 - URBasic_rtdeEvent - INFO - Total packages: 1000
2025-11-21 04:44:29,042 - URBasic_realTimeClientEvent - INFO - sendProgram: Finished
2025-11-21 04:44:29,103 - URBasic_realTimeClientEvent - INFO - Program send to Robot:
def resetRegister():
  write_output_boolean_register(0, False)
  write_output_boolean_register(1, False)
end

2025-11-21 04:44:29,212 - URBasic_realTimeClientEvent - INFO - Program send to Robot:
def move_l():
  write_output_boolean_register(0, True)
    movel( p[-0.284, 0.366, 0.153, -3.08, 0.163, -0.08], a=0.1, v=0.1,  r=0)


  write_output_boolean_register(1, True)
end

2025-11-21 04:44:32,853 - URBasic_realTimeClientEvent - INFO - sendProgram: Finished
2025-11-21 04:44:32,917 - URBasic_realTimeClientEvent - INFO - Program send to Robot:
def resetRegister():
  write_output_boolean_register(0, False)
  write_output_boolean_register(1, False)
end

2025-11-21 04:44:33,028 - URBasic_realTimeClientEvent - INFO - Program send to Robot:
def move_l():
  write_output_boolean_register(0, True)
    movel( p[-0.243, 0.278, 0.371, -3.08, 0.163, -0.08], a=0.3, v=0.1,  r=0)


  write_output_boolean_register(1, True)
end

2025-11-21 04:44:35,943 - URBasic_rtdeEvent - INFO - Total packages: 2000
2025-11-21 04:44:35,980 - URBasic_realTimeClientEvent - INFO - sendProgram: Finished
2025-11-21 04:44:36,043 - URBasic_realTimeClientEvent - INFO - Program send to Robot:
def resetRegister():
  write_output_boolean_register(0, False)
  write_output_boolean_register(1, False)
end

2025-11-21 04:44:36,150 - URBasic_realTimeClientEvent - INFO - Program send to Robot:
def move_l():
  write_output_boolean_register(0, True)
    movel( p[-0.268, 0.334, 0.275, -3.08, 0.163, -0.08], a=0.1, v=0.1,  r=0)


  write_output_boolean_register(1, True)
end

2025-11-21 04:44:38,507 - URBasic_realTimeClientEvent - INFO - sendProgram: Finished
2025-11-21 04:44:38,569 - URBasic_realTimeClientEvent - INFO - Program send to Robot:
def resetRegister():
  write_output_boolean_register(0, False)
  write_output_boolean_register(1, False)
end

2025-11-21 04:44:38,680 - URBasic_realTimeClientEvent - INFO - Program send to Robot:
def move_l():
  write_output_boolean_register(0, True)
    movel( p[-0.268, 0.334, 0.275, -3.08, 0.163, -0.08], a=0.1, v=0.1,  r=0)


  write_output_boolean_register(1, True)
end

2025-11-21 04:44:38,790 - URBasic_realTimeClientEvent - INFO - sendProgram: Finished
2025-11-21 04:44:38,853 - URBasic_realTimeClientEvent - INFO - Program send to Robot:
def resetRegister():
  write_output_boolean_register(0, False)
  write_output_boolean_register(1, False)
end

2025-11-21 04:44:38,964 - URBasic_realTimeClientEvent - INFO - Program send to Robot:
def move_l():
  write_output_boolean_register(0, True)
    movel( p[-0.452, 0.173, 0.133, -3.08, 0.163, -0.08], a=0.1, v=0.1,  r=0)


  write_output_boolean_register(1, True)
end

2025-11-21 04:44:43,037 - URBasic_realTimeClientEvent - INFO - sendProgram: Finished
2025-11-21 04:44:43,099 - URBasic_realTimeClientEvent - INFO - Program send to Robot:
def resetRegister():
  write_output_boolean_register(0, False)
  write_output_boolean_register(1, False)
end

2025-11-21 04:44:43,212 - URBasic_realTimeClientEvent - INFO - Program send to Robot:
def move_l():
  write_output_boolean_register(0, True)
    movel( p[-0.268, 0.334, 0.275, -3.08, 0.163, -0.08], a=0.1, v=0.1,  r=0)


  write_output_boolean_register(1, True)
end

2025-11-21 04:44:43,944 - URBasic_rtdeEvent - INFO - Total packages: 3000
2025-11-21 04:44:47,311 - URBasic_realTimeClientEvent - INFO - sendProgram: Finished
2025-11-21 04:44:47,375 - URBasic_realTimeClientEvent - INFO - Program send to Robot:
def resetRegister():
  write_output_boolean_register(0, False)
  write_output_boolean_register(1, False)
end

2025-11-21 04:44:47,485 - URBasic_realTimeClientEvent - INFO - Program send to Robot:
def move_l():
  write_output_boolean_register(0, True)
    movel( p[-0.38, -0.149, 0.3, -3.08, 0.163, -0.08], a=0.1, v=0.1,  r=0)


  write_output_boolean_register(1, True)
end

2025-11-21 04:44:51,944 - URBasic_rtdeEvent - INFO - Total packages: 4000
2025-11-21 04:44:53,678 - URBasic_realTimeClientEvent - INFO - sendProgram: Finished
2025-11-21 04:44:53,743 - URBasic_realTimeClientEvent - INFO - Program send to Robot:
def resetRegister():
  write_output_boolean_register(0, False)
  write_output_boolean_register(1, False)
end

2025-11-21 04:44:59,946 - URBasic_rtdeEvent - INFO - Total packages: 5000
2025-11-21 04:45:07,946 - URBasic_rtdeEvent - INFO - Total packages: 6000
2025-11-21 04:45:15,946 - URBasic_rtdeEvent - INFO - Total packages: 7000
2025-11-21 04:45:23,946 - URBasic_rtdeEvent - INFO - Total packages: 8000
2025-11-21 04:45:31,947 - URBasic_rtdeEvent - INFO - Total packages: 9000
2025-11-21 04:45:39,947 - URBasic_rtdeEvent - INFO - Total packages: 10000
2025-11-21 04:45:47,947 - URBasic_rtdeEvent - INFO - Total packages: 11000
2025-11-21 04:45:55,947 - URBasic_rtdeEvent - INFO - Total packages: 12000
2025-11-21 04:46:03,948 - URBasic_rtdeEvent - INFO - Total packages: 13000
