2025-11-20 12:02:58,376 - URBasic_robotModelEvent - INFO - Init done
2025-11-20 12:02:58,919 - URBasic_realTimeClientEvent - INFO - Connected
2025-11-20 12:02:58,919 - URBasic_realTimeClientEvent - INFO - RT_CLient constructor done
2025-11-20 12:02:58,920 - URBasic_dataLogEvent - INFO - DataLog constructor done
2025-11-20 12:02:58,921 - URBasic_rtdeEvent - INFO - RTDE constructor done
2025-11-20 12:02:59,424 - URBasic_dashboardEvent - INFO - Connected
2025-11-20 12:02:59,424 - URBasic_dashboardEvent - INFO - UR Dashboard respond Connected: Universal Robots Dashboard Server
2025-11-20 12:02:59,424 - URBasic_dashboardEvent - INFO - Dashboard server constructor done
2025-11-20 12:02:59,425 - URBasic_robotConnectorEvent - INFO - Init done
2025-11-20 12:03:00,172 - URBasic_rtdeEvent - INFO - Controller version: 5.11.10-0
2025-11-20 12:03:00,174 - URBasic_rtdeEvent - INFO - RTDE started
2025-11-20 12:03:00,428 - URBasic_urScriptEvent - INFO - Init done
2025-11-20 12:03:00,460 - URBasic_urScriptExtEvent - INFO - Init done
2025-11-20 12:03:00,573 - URBasic_realTimeClientEvent - INFO - Program send to Robot:
def move_l():
  write_output_boolean_register(0, True)
    movel( p[0.244, -0.32, 0.3, -3.122, -0.03, -0.123], a=0.4, v=0.5,  r=0)


  write_output_boolean_register(1, True)
end

2025-11-20 12:03:02,499 - URBasic_realTimeClientEvent - INFO - sendProgram: Finished
2025-11-20 12:03:02,563 - URBasic_realTimeClientEvent - INFO - Program send to Robot:
def resetRegister():
  write_output_boolean_register(0, False)
  write_output_boolean_register(1, False)
end

2025-11-20 12:03:02,672 - URBasic_realTimeClientEvent - INFO - Program send to Robot:
def move_l():
  write_output_boolean_register(0, True)
    movel( p[0.25, -0.315, 0.152, -3.122, -0.03, -0.123], a=0.4, v=0.5,  r=0)


  write_output_boolean_register(1, True)
end

2025-11-20 12:03:04,130 - URBasic_realTimeClientEvent - INFO - sendProgram: Finished
2025-11-20 12:03:04,200 - URBasic_realTimeClientEvent - INFO - Program send to Robot:
def resetRegister():
  write_output_boolean_register(0, False)
  write_output_boolean_register(1, False)
end

2025-11-20 12:03:04,306 - URBasic_realTimeClientEvent - INFO - Program send to Robot:
def move_l():
  write_output_boolean_register(0, True)
    movel( p[0.244, -0.32, 0.3, -3.122, -0.03, -0.123], a=0.3, v=0.5,  r=0)


  write_output_boolean_register(1, True)
end

2025-11-20 12:03:05,976 - URBasic_realTimeClientEvent - INFO - sendProgram: Finished
2025-11-20 12:03:06,039 - URBasic_realTimeClientEvent - INFO - Program send to Robot:
def resetRegister():
  write_output_boolean_register(0, False)
  write_output_boolean_register(1, False)
end

2025-11-20 12:03:06,152 - URBasic_realTimeClientEvent - INFO - Program send to Robot:
def move_l():
  write_output_boolean_register(0, True)
    movel( p[-0.028, -0.371, 0.282, -3.122, -0.03, -0.12], a=0.4, v=0.5,  r=0)


  write_output_boolean_register(1, True)
end

2025-11-20 12:03:08,079 - URBasic_realTimeClientEvent - INFO - sendProgram: Finished
2025-11-20 12:03:08,142 - URBasic_realTimeClientEvent - INFO - Program send to Robot:
def resetRegister():
  write_output_boolean_register(0, False)
  write_output_boolean_register(1, False)
end

2025-11-20 12:03:08,171 - URBasic_rtdeEvent - INFO - Total packages: 1000
