2025-11-20 11:22:18,000 - URBasic_robotModelEvent - INFO - Init done
2025-11-20 11:22:18,528 - URBasic_realTimeClientEvent - INFO - Connected
2025-11-20 11:22:18,528 - URBasic_realTimeClientEvent - INFO - RT_CLient constructor done
2025-11-20 11:22:18,530 - URBasic_dataLogEvent - INFO - DataLog constructor done
2025-11-20 11:22:18,531 - URBasic_rtdeEvent - INFO - RTDE constructor done
2025-11-20 11:22:19,051 - URBasic_dashboardEvent - INFO - Connected
2025-11-20 11:22:19,051 - URBasic_dashboardEvent - INFO - UR Dashboard respond Connected: Universal Robots Dashboard Server
2025-11-20 11:22:19,052 - URBasic_dashboardEvent - INFO - Dashboard server constructor done
2025-11-20 11:22:19,052 - URBasic_robotConnectorEvent - INFO - Init done
2025-11-20 11:22:19,593 - URBasic_rtdeEvent - INFO - Controller version: 5.11.10-0
2025-11-20 11:22:19,597 - URBasic_rtdeEvent - INFO - RTDE started
2025-11-20 11:22:20,054 - URBasic_urScriptEvent - INFO - Init done
2025-11-20 11:22:20,086 - URBasic_urScriptExtEvent - INFO - Init done
2025-11-20 11:22:20,199 - URBasic_realTimeClientEvent - INFO - Program send to Robot:
def move_l():
  write_output_boolean_register(0, True)
    movel( p[0.244, -0.32, 0.3, -3.122, -0.03, -0.123], a=0.4, v=0.5,  r=0)


  write_output_boolean_register(1, True)
end

2025-11-20 11:22:22,077 - URBasic_realTimeClientEvent - INFO - sendProgram: Finished
2025-11-20 11:22:22,141 - URBasic_realTimeClientEvent - INFO - Program send to Robot:
def resetRegister():
  write_output_boolean_register(0, False)
  write_output_boolean_register(1, False)
end

2025-11-20 11:22:22,252 - URBasic_realTimeClientEvent - INFO - Program send to Robot:
def move_l():
  write_output_boolean_register(0, True)
    movel( p[0.25, -0.315, 0.152, -3.122, -0.03, -0.123], a=0.4, v=0.5,  r=0)


  write_output_boolean_register(1, True)
end

2025-11-20 11:22:23,686 - URBasic_realTimeClientEvent - INFO - sendProgram: Finished
2025-11-20 11:22:23,750 - URBasic_realTimeClientEvent - INFO - Program send to Robot:
def resetRegister():
  write_output_boolean_register(0, False)
  write_output_boolean_register(1, False)
end

2025-11-20 11:22:23,861 - URBasic_realTimeClientEvent - INFO - Program send to Robot:
def move_l():
  write_output_boolean_register(0, True)
    movel( p[0.244, -0.32, 0.3, -3.122, -0.03, -0.123], a=0.3, v=0.5,  r=0)


  write_output_boolean_register(1, True)
end

2025-11-20 11:22:25,508 - URBasic_realTimeClientEvent - INFO - sendProgram: Finished
2025-11-20 11:22:25,570 - URBasic_realTimeClientEvent - INFO - Program send to Robot:
def resetRegister():
  write_output_boolean_register(0, False)
  write_output_boolean_register(1, False)
end

2025-11-20 11:22:25,679 - URBasic_realTimeClientEvent - INFO - Program send to Robot:
def move_l():
  write_output_boolean_register(0, True)
    movel( p[-0.028, -0.371, 0.282, -3.122, -0.03, -0.12], a=0.4, v=0.5,  r=0)


  write_output_boolean_register(1, True)
end

2025-11-20 11:22:27,564 - URBasic_realTimeClientEvent - INFO - sendProgram: Finished
2025-11-20 11:22:27,595 - URBasic_rtdeEvent - INFO - Total packages: 1000
2025-11-20 11:22:27,627 - URBasic_realTimeClientEvent - INFO - Program send to Robot:
def resetRegister():
  write_output_boolean_register(0, False)
  write_output_boolean_register(1, False)
end

