2025-11-21 03:09:15,520 - URBasic_robotModelEvent - INFO - Init done
2025-11-21 03:09:16,034 - URBasic_realTimeClientEvent - INFO - Connected
2025-11-21 03:09:16,034 - URBasic_realTimeClientEvent - INFO - RT_CLient constructor done
2025-11-21 03:09:16,036 - URBasic_dataLogEvent - INFO - DataLog constructor done
2025-11-21 03:09:16,037 - URBasic_rtdeEvent - INFO - RTDE constructor done
2025-11-21 03:09:16,555 - URBasic_dashboardEvent - INFO - Connected
2025-11-21 03:09:16,555 - URBasic_dashboardEvent - INFO - UR Dashboard respond Connected: Universal Robots Dashboard Server
2025-11-21 03:09:16,555 - URBasic_dashboardEvent - INFO - Dashboard server constructor done
2025-11-21 03:09:16,556 - URBasic_robotConnectorEvent - INFO - Init done
2025-11-21 03:09:16,753 - URBasic_rtdeEvent - INFO - Controller version: 5.11.10-0
2025-11-21 03:09:16,757 - URBasic_rtdeEvent - INFO - RTDE started
2025-11-21 03:09:17,561 - URBasic_urScriptEvent - INFO - Init done
2025-11-21 03:09:17,593 - URBasic_urScriptExtEvent - INFO - Init done
2025-11-21 03:09:17,594 - URBasic_realTimeClientEvent - INFO - Program send to Robot:
def move_l():
  write_output_boolean_register(0, True)
    movel( p[-0.3366, -0.2431, 0.15, -1.8471, -2.5203, 0.0339], a=0.3, v=0.1,  r=0)


  write_output_boolean_register(1, True)
end

2025-11-21 03:09:18,336 - URBasic_realTimeClientEvent - ERROR - SendProgram: Program Stopped but not finiched!!!
2025-11-21 03:09:18,399 - URBasic_realTimeClientEvent - INFO - Program send to Robot:
def resetRegister():
  write_output_boolean_register(0, False)
  write_output_boolean_register(1, False)
end

2025-11-21 03:09:24,755 - URBasic_rtdeEvent - INFO - Total packages: 1000
