2025-11-20 12:29:24,714 - URBasic_robotModelEvent - INFO - Init done
2025-11-20 12:29:25,231 - URBasic_realTimeClientEvent - INFO - Connected
2025-11-20 12:29:25,231 - URBasic_realTimeClientEvent - INFO - RT_CLient constructor done
2025-11-20 12:29:25,232 - URBasic_dataLogEvent - INFO - DataLog constructor done
2025-11-20 12:29:25,233 - URBasic_rtdeEvent - INFO - RTDE constructor done
2025-11-20 12:29:25,748 - URBasic_dashboardEvent - INFO - Connected
2025-11-20 12:29:25,748 - URBasic_dashboardEvent - INFO - UR Dashboard respond Connected: Universal Robots Dashboard Server
2025-11-20 12:29:25,748 - URBasic_dashboardEvent - INFO - Dashboard server constructor done
2025-11-20 12:29:25,749 - URBasic_robotConnectorEvent - INFO - Init done
2025-11-20 12:29:26,499 - URBasic_rtdeEvent - INFO - Controller version: 5.11.10-0
2025-11-20 12:29:26,503 - URBasic_rtdeEvent - INFO - RTDE started
2025-11-20 12:29:26,752 - URBasic_urScriptEvent - INFO - Init done
2025-11-20 12:29:26,772 - URBasic_urScriptExtEvent - INFO - Init done
2025-11-20 12:29:26,884 - URBasic_realTimeClientEvent - INFO - Program send to Robot:
def move_l():
  write_output_boolean_register(0, True)
    movel( p[0.244, -0.32, 0.3, -3.122, -0.03, -0.123], a=0.4, v=0.5,  r=0)


  write_output_boolean_register(1, True)
end

2025-11-20 12:29:28,582 - URBasic_realTimeClientEvent - INFO - sendProgram: Finished
2025-11-20 12:29:28,633 - URBasic_realTimeClientEvent - INFO - Program send to Robot:
def resetRegister():
  write_output_boolean_register(0, False)
  write_output_boolean_register(1, False)
end

2025-11-20 12:29:28,741 - URBasic_realTimeClientEvent - INFO - Program send to Robot:
def move_l():
  write_output_boolean_register(0, True)
    movel( p[0.25, -0.315, 0.152, -3.122, -0.03, -0.123], a=0.4, v=0.5,  r=0)


  write_output_boolean_register(1, True)
end

2025-11-20 12:29:30,215 - URBasic_realTimeClientEvent - INFO - sendProgram: Finished
