2025-11-20 09:52:34,074 - URBasic_robotModelEvent - INFO - Init done
2025-11-20 09:52:34,598 - URBasic_realTimeClientEvent - INFO - Connected
2025-11-20 09:52:34,598 - URBasic_realTimeClientEvent - INFO - RT_CLient constructor done
2025-11-20 09:52:34,600 - URBasic_dataLogEvent - INFO - DataLog constructor done
2025-11-20 09:52:34,601 - URBasic_rtdeEvent - INFO - RTDE constructor done
2025-11-20 09:52:35,118 - URBasic_dashboardEvent - INFO - Connected
2025-11-20 09:52:35,118 - URBasic_dashboardEvent - INFO - UR Dashboard respond Connected: Universal Robots Dashboard Server
2025-11-20 09:52:35,119 - URBasic_dashboardEvent - INFO - Dashboard server constructor done
2025-11-20 09:52:35,119 - URBasic_robotConnectorEvent - INFO - Init done
2025-11-20 09:52:35,488 - URBasic_rtdeEvent - INFO - Controller version: 5.11.10-0
2025-11-20 09:52:35,491 - URBasic_rtdeEvent - INFO - RTDE started
2025-11-20 09:52:36,130 - URBasic_urScriptEvent - INFO - Init done
2025-11-20 09:52:36,161 - URBasic_urScriptExtEvent - INFO - Init done
2025-11-20 09:52:43,491 - URBasic_rtdeEvent - INFO - Total packages: 1000
2025-11-20 09:52:51,490 - URBasic_rtdeEvent - INFO - Total packages: 2000
2025-11-20 09:52:59,490 - URBasic_rtdeEvent - INFO - Total packages: 3000
2025-11-20 09:53:07,491 - URBasic_rtdeEvent - INFO - Total packages: 4000
2025-11-20 09:53:15,492 - URBasic_rtdeEvent - INFO - Total packages: 5000
2025-11-20 09:53:23,491 - URBasic_rtdeEvent - INFO - Total packages: 6000
2025-11-20 09:53:31,492 - URBasic_rtdeEvent - INFO - Total packages: 7000
2025-11-20 09:53:39,493 - URBasic_rtdeEvent - INFO - Total packages: 8000
2025-11-20 09:53:47,494 - URBasic_rtdeEvent - INFO - Total packages: 9000
2025-11-20 09:53:55,494 - URBasic_rtdeEvent - INFO - Total packages: 10000
2025-11-20 09:54:03,494 - URBasic_rtdeEvent - INFO - Total packages: 11000
2025-11-20 09:54:11,494 - URBasic_rtdeEvent - INFO - Total packages: 12000
2025-11-20 09:54:19,495 - URBasic_rtdeEvent - INFO - Total packages: 13000
2025-11-20 09:54:27,495 - URBasic_rtdeEvent - INFO - Total packages: 14000
2025-11-20 09:54:35,495 - URBasic_rtdeEvent - INFO - Total packages: 15000
2025-11-20 09:54:43,496 - URBasic_rtdeEvent - INFO - Total packages: 16000
2025-11-20 09:54:51,496 - URBasic_rtdeEvent - INFO - Total packages: 17000
2025-11-20 09:54:59,496 - URBasic_rtdeEvent - INFO - Total packages: 18000
2025-11-20 09:55:07,497 - URBasic_rtdeEvent - INFO - Total packages: 19000
2025-11-20 09:55:15,497 - URBasic_rtdeEvent - INFO - Total packages: 20000
2025-11-20 09:55:23,498 - URBasic_rtdeEvent - INFO - Total packages: 21000
2025-11-20 09:55:31,498 - URBasic_rtdeEvent - INFO - Total packages: 22000
2025-11-20 09:55:39,498 - URBasic_rtdeEvent - INFO - Total packages: 23000
2025-11-20 09:55:47,499 - URBasic_rtdeEvent - INFO - Total packages: 24000
2025-11-20 09:55:55,499 - URBasic_rtdeEvent - INFO - Total packages: 25000
2025-11-20 09:56:03,500 - URBasic_rtdeEvent - INFO - Total packages: 26000
2025-11-20 09:56:11,500 - URBasic_rtdeEvent - INFO - Total packages: 27000
2025-11-20 09:56:19,501 - URBasic_rtdeEvent - INFO - Total packages: 28000
2025-11-20 09:56:27,501 - URBasic_rtdeEvent - INFO - Total packages: 29000
2025-11-20 09:56:35,501 - URBasic_rtdeEvent - INFO - Total packages: 30000
2025-11-20 09:56:43,502 - URBasic_rtdeEvent - INFO - Total packages: 31000
2025-11-20 09:56:51,502 - URBasic_rtdeEvent - INFO - Total packages: 32000
2025-11-20 09:56:59,504 - URBasic_rtdeEvent - INFO - Total packages: 33000
2025-11-20 09:57:07,503 - URBasic_rtdeEvent - INFO - Total packages: 34000
2025-11-20 09:57:15,502 - URBasic_rtdeEvent - INFO - Total packages: 35000
2025-11-20 09:57:23,503 - URBasic_rtdeEvent - INFO - Total packages: 36000
2025-11-20 09:57:31,504 - URBasic_rtdeEvent - INFO - Total packages: 37000
2025-11-20 09:57:39,504 - URBasic_rtdeEvent - INFO - Total packages: 38000
2025-11-20 09:57:47,504 - URBasic_rtdeEvent - INFO - Total packages: 39000
