2025-11-20 12:24:35,927 - URBasic_robotModelEvent - INFO - Init done
2025-11-20 12:24:36,476 - URBasic_realTimeClientEvent - INFO - Connected
2025-11-20 12:24:36,476 - URBasic_realTimeClientEvent - INFO - RT_CLient constructor done
2025-11-20 12:24:36,477 - URBasic_dataLogEvent - INFO - DataLog constructor done
2025-11-20 12:24:36,478 - URBasic_rtdeEvent - INFO - RTDE constructor done
2025-11-20 12:24:36,994 - URBasic_dashboardEvent - INFO - Connected
2025-11-20 12:24:36,995 - URBasic_dashboardEvent - INFO - UR Dashboard respond Connected: Universal Robots Dashboard Server
2025-11-20 12:24:36,995 - URBasic_dashboardEvent - INFO - Dashboard server constructor done
2025-11-20 12:24:36,995 - URBasic_robotConnectorEvent - INFO - Init done
2025-11-20 12:24:37,647 - URBasic_rtdeEvent - INFO - Controller version: 5.11.10-0
2025-11-20 12:24:37,649 - URBasic_rtdeEvent - INFO - RTDE started
2025-11-20 12:24:38,013 - URBasic_urScriptEvent - INFO - Init done
2025-11-20 12:24:38,045 - URBasic_urScriptExtEvent - INFO - Init done
2025-11-20 12:24:38,154 - URBasic_realTimeClientEvent - INFO - Program send to Robot:
def move_l():
  write_output_boolean_register(0, True)
    movel( p[0.244, -0.32, 0.3, -3.122, -0.03, -0.123], a=0.4, v=0.5,  r=0)


  write_output_boolean_register(1, True)
end

2025-11-20 12:24:40,090 - URBasic_realTimeClientEvent - INFO - sendProgram: Finished
2025-11-20 12:24:40,151 - URBasic_realTimeClientEvent - INFO - Program send to Robot:
def resetRegister():
  write_output_boolean_register(0, False)
  write_output_boolean_register(1, False)
end

2025-11-20 12:24:40,264 - URBasic_realTimeClientEvent - INFO - Program send to Robot:
def move_l():
  write_output_boolean_register(0, True)
    movel( p[0.25, -0.315, 0.152, -3.122, -0.03, -0.123], a=0.4, v=0.5,  r=0)


  write_output_boolean_register(1, True)
end

2025-11-20 12:24:41,755 - URBasic_realTimeClientEvent - INFO - sendProgram: Finished
2025-11-20 12:24:41,819 - URBasic_realTimeClientEvent - INFO - Program send to Robot:
def resetRegister():
  write_output_boolean_register(0, False)
  write_output_boolean_register(1, False)
end

2025-11-20 12:24:41,928 - URBasic_realTimeClientEvent - INFO - Program send to Robot:
def move_l():
  write_output_boolean_register(0, True)
    movel( p[-0.028, -0.371, 0.282, -3.122, -0.03, -0.12], a=0.4, v=0.5,  r=0)


  write_output_boolean_register(1, True)
end

2025-11-20 12:24:43,906 - URBasic_realTimeClientEvent - INFO - sendProgram: Finished
2025-11-20 12:24:43,969 - URBasic_realTimeClientEvent - INFO - Program send to Robot:
def resetRegister():
  write_output_boolean_register(0, False)
  write_output_boolean_register(1, False)
end

2025-11-20 12:24:44,080 - URBasic_realTimeClientEvent - INFO - Program send to Robot:
def move_l():
  write_output_boolean_register(0, True)
    movel( p[-0.041, -0.393, 0.155, -3.122, -0.03, -0.12], a=0.3, v=0.5,  r=0)


  write_output_boolean_register(1, True)
end

2025-11-20 12:24:45,648 - URBasic_rtdeEvent - INFO - Total packages: 1000
2025-11-20 12:24:45,662 - URBasic_realTimeClientEvent - INFO - sendProgram: Finished
2025-11-20 12:24:45,726 - URBasic_realTimeClientEvent - INFO - Program send to Robot:
def resetRegister():
  write_output_boolean_register(0, False)
  write_output_boolean_register(1, False)
end

2025-11-20 12:24:45,838 - URBasic_realTimeClientEvent - INFO - Program send to Robot:
def move_l():
  write_output_boolean_register(0, True)
    movel( p[0.06, -0.322, 0.405, -3.122, -0.03, -0.123], a=0.4, v=0.5,  r=0)


  write_output_boolean_register(1, True)
end

2025-11-20 12:24:47,763 - URBasic_realTimeClientEvent - INFO - sendProgram: Finished
2025-11-20 12:24:47,825 - URBasic_realTimeClientEvent - INFO - Program send to Robot:
def resetRegister():
  write_output_boolean_register(0, False)
  write_output_boolean_register(1, False)
end

2025-11-20 12:24:53,647 - URBasic_rtdeEvent - INFO - Total packages: 2000
