2025-11-20 10:33:51,291 - URBasic_robotModelEvent - INFO - Init done
2025-11-20 10:33:51,794 - URBasic_realTimeClientEvent - INFO - Connected
2025-11-20 10:33:51,794 - URBasic_realTimeClientEvent - INFO - RT_CLient constructor done
2025-11-20 10:33:51,795 - URBasic_dataLogEvent - INFO - DataLog constructor done
2025-11-20 10:33:51,796 - URBasic_rtdeEvent - INFO - RTDE constructor done
2025-11-20 10:33:52,310 - URBasic_dashboardEvent - INFO - Connected
2025-11-20 10:33:52,310 - URBasic_dashboardEvent - INFO - UR Dashboard respond Connected: Universal Robots Dashboard Server
2025-11-20 10:33:52,310 - URBasic_dashboardEvent - INFO - Dashboard server constructor done
2025-11-20 10:33:52,310 - URBasic_robotConnectorEvent - INFO - Init done
2025-11-20 10:33:52,948 - URBasic_rtdeEvent - INFO - Controller version: 5.11.10-0
2025-11-20 10:33:52,952 - URBasic_rtdeEvent - INFO - RTDE started
2025-11-20 10:33:53,324 - URBasic_urScriptEvent - INFO - Init done
2025-11-20 10:33:53,340 - URBasic_urScriptExtEvent - INFO - Init done
2025-11-20 10:33:56,747 - URBasic_realTimeClientEvent - INFO - Program send to Robot:
def move_l():
  write_output_boolean_register(0, True)
    movel( p[0.244, -0.32, 0.3, -3.122, -0.03, -0.123], a=0.4, v=0.5,  r=0)


  write_output_boolean_register(1, True)
end

2025-11-20 10:33:58,447 - URBasic_realTimeClientEvent - INFO - sendProgram: Finished
2025-11-20 10:33:58,498 - URBasic_realTimeClientEvent - INFO - Program send to Robot:
def resetRegister():
  write_output_boolean_register(0, False)
  write_output_boolean_register(1, False)
end

2025-11-20 10:33:58,606 - URBasic_realTimeClientEvent - INFO - Program send to Robot:
def move_l():
  write_output_boolean_register(0, True)
    movel( p[0.25, -0.315, 0.152, -3.122, -0.03, -0.123], a=0.4, v=0.5,  r=0)


  write_output_boolean_register(1, True)
end

2025-11-20 10:34:00,046 - URBasic_realTimeClientEvent - INFO - sendProgram: Finished
2025-11-20 10:34:00,109 - URBasic_realTimeClientEvent - INFO - Program send to Robot:
def resetRegister():
  write_output_boolean_register(0, False)
  write_output_boolean_register(1, False)
end

2025-11-20 10:34:00,211 - URBasic_realTimeClientEvent - INFO - Program send to Robot:
def move_l():
  write_output_boolean_register(0, True)
    movel( p[0.244, -0.32, 0.3, -3.122, -0.03, -0.123], a=0.3, v=0.5,  r=0)


  write_output_boolean_register(1, True)
end

2025-11-20 10:34:00,950 - URBasic_rtdeEvent - INFO - Total packages: 1000
2025-11-20 10:34:01,890 - URBasic_realTimeClientEvent - INFO - sendProgram: Finished
2025-11-20 10:34:01,953 - URBasic_realTimeClientEvent - INFO - Program send to Robot:
def resetRegister():
  write_output_boolean_register(0, False)
  write_output_boolean_register(1, False)
end

2025-11-20 10:34:02,061 - URBasic_realTimeClientEvent - INFO - Program send to Robot:
def move_l():
  write_output_boolean_register(0, True)
    movel( p[-0.028, -0.371, 0.282, -3.122, -0.03, -0.12], a=0.4, v=0.5,  r=0)


  write_output_boolean_register(1, True)
end

