2025-11-20 08:19:53,479 - URBasic_robotModelEvent - INFO - Init done
2025-11-20 08:19:54,485 - URBasic_realTimeClientEvent - ERROR - RTC connecting
2025-11-20 08:19:55,501 - URBasic_realTimeClientEvent - ERROR - RTC connecting
2025-11-20 08:19:56,506 - URBasic_realTimeClientEvent - ERROR - RTC connecting
2025-11-20 08:19:57,507 - URBasic_realTimeClientEvent - ERROR - RTC connecting
2025-11-20 08:19:58,515 - URBasic_realTimeClientEvent - ERROR - RTC connecting
2025-11-20 08:19:59,526 - URBasic_realTimeClientEvent - ERROR - RTC connecting
2025-11-20 08:20:00,532 - URBasic_realTimeClientEvent - ERROR - RTC connecting
2025-11-20 08:20:01,542 - URBasic_realTimeClientEvent - ERROR - RTC connecting
2025-11-20 08:20:02,546 - URBasic_realTimeClientEvent - ERROR - RTC connecting
2025-11-20 08:20:03,553 - URBasic_realTimeClientEvent - ERROR - RTC connecting
2025-11-20 08:20:04,555 - URBasic_realTimeClientEvent - ERROR - RTC connecting
2025-11-20 08:20:05,555 - URBasic_realTimeClientEvent - ERROR - RTC connecting
2025-11-20 08:20:06,570 - URBasic_realTimeClientEvent - ERROR - RTC connecting
2025-11-20 08:20:07,572 - URBasic_realTimeClientEvent - ERROR - RTC connecting
2025-11-20 08:20:08,577 - URBasic_realTimeClientEvent - ERROR - RTC connecting
2025-11-20 08:20:09,582 - URBasic_realTimeClientEvent - ERROR - RTC connecting
2025-11-20 08:20:10,588 - URBasic_realTimeClientEvent - ERROR - RTC connecting
2025-11-20 08:20:11,588 - URBasic_realTimeClientEvent - ERROR - RTC connecting
2025-11-20 08:20:12,590 - URBasic_realTimeClientEvent - ERROR - RTC connecting
2025-11-20 08:20:13,606 - URBasic_realTimeClientEvent - ERROR - RTC connecting
2025-11-20 08:20:14,621 - URBasic_realTimeClientEvent - ERROR - RTC connecting
2025-11-20 08:20:15,630 - URBasic_realTimeClientEvent - ERROR - RTC connecting
2025-11-20 08:20:16,643 - URBasic_realTimeClientEvent - ERROR - RTC connecting
2025-11-20 08:20:17,659 - URBasic_realTimeClientEvent - ERROR - RTC connecting
2025-11-20 08:20:18,662 - URBasic_realTimeClientEvent - ERROR - RTC connecting
2025-11-20 08:20:19,664 - URBasic_realTimeClientEvent - ERROR - RTC connecting
2025-11-20 08:20:20,667 - URBasic_realTimeClientEvent - ERROR - RTC connecting
2025-11-20 08:20:21,682 - URBasic_realTimeClientEvent - ERROR - RTC connecting
2025-11-20 08:20:22,697 - URBasic_realTimeClientEvent - ERROR - RTC connecting
2025-11-20 08:20:23,700 - URBasic_realTimeClientEvent - ERROR - RTC connecting
2025-11-20 08:20:24,714 - URBasic_realTimeClientEvent - ERROR - RTC connecting
2025-11-20 08:20:25,720 - URBasic_realTimeClientEvent - ERROR - RTC connecting
2025-11-20 08:20:26,731 - URBasic_realTimeClientEvent - ERROR - RTC connecting
2025-11-20 08:20:27,746 - URBasic_realTimeClientEvent - ERROR - RTC connecting
2025-11-20 08:20:28,747 - URBasic_realTimeClientEvent - ERROR - RTC connecting
2025-11-20 08:20:29,748 - URBasic_realTimeClientEvent - ERROR - RTC connecting
2025-11-20 08:20:30,761 - URBasic_realTimeClientEvent - ERROR - RTC connecting
2025-11-20 08:20:31,764 - URBasic_realTimeClientEvent - ERROR - RTC connecting
2025-11-20 08:20:32,778 - URBasic_realTimeClientEvent - ERROR - RTC connecting
2025-11-20 08:20:33,783 - URBasic_realTimeClientEvent - ERROR - RTC connecting
2025-11-20 08:20:34,787 - URBasic_realTimeClientEvent - ERROR - RTC connecting
2025-11-20 08:20:35,795 - URBasic_realTimeClientEvent - ERROR - RTC connecting
2025-11-20 08:20:36,796 - URBasic_realTimeClientEvent - ERROR - RTC connecting
2025-11-20 08:20:37,799 - URBasic_realTimeClientEvent - ERROR - RTC connecting
2025-11-20 08:20:38,803 - URBasic_realTimeClientEvent - ERROR - RTC connecting
2025-11-20 08:20:39,817 - URBasic_realTimeClientEvent - ERROR - RTC connecting
2025-11-20 08:20:40,819 - URBasic_realTimeClientEvent - ERROR - RTC connecting
2025-11-20 08:20:41,835 - URBasic_realTimeClientEvent - ERROR - RTC connecting
2025-11-20 08:20:42,840 - URBasic_realTimeClientEvent - ERROR - RTC connecting
2025-11-20 08:20:43,840 - URBasic_realTimeClientEvent - ERROR - RTC connecting
2025-11-20 08:20:44,856 - URBasic_realTimeClientEvent - ERROR - RTC connecting
2025-11-20 08:20:45,860 - URBasic_realTimeClientEvent - ERROR - RTC connecting
2025-11-20 08:20:46,867 - URBasic_realTimeClientEvent - ERROR - RTC connecting
2025-11-20 08:20:47,874 - URBasic_realTimeClientEvent - ERROR - RTC connecting
2025-11-20 08:20:48,889 - URBasic_realTimeClientEvent - ERROR - RTC connecting
2025-11-20 08:20:49,893 - URBasic_realTimeClientEvent - ERROR - RTC connecting
2025-11-20 08:20:50,905 - URBasic_realTimeClientEvent - ERROR - RTC connecting
2025-11-20 08:20:51,917 - URBasic_realTimeClientEvent - ERROR - RTC connecting
2025-11-20 08:20:52,930 - URBasic_realTimeClientEvent - ERROR - RTC connecting
2025-11-20 08:20:53,931 - URBasic_realTimeClientEvent - ERROR - RTC connecting
2025-11-20 08:20:53,931 - URBasic_realTimeClientEvent - INFO - RT_CLient constructor done but not connected
2025-11-20 08:20:53,932 - URBasic_dataLogEvent - INFO - DataLog constructor done
2025-11-20 08:20:53,933 - URBasic_rtdeEvent - INFO - RTDE constructor done
2025-11-20 08:20:55,944 - URBasic_dashboardEvent - ERROR - Dashboard connecting
2025-11-20 08:20:57,958 - URBasic_dashboardEvent - ERROR - Dashboard connecting
2025-11-20 08:20:59,965 - URBasic_dashboardEvent - ERROR - Dashboard connecting
2025-11-20 08:21:01,970 - URBasic_dashboardEvent - ERROR - Dashboard connecting
2025-11-20 08:21:03,980 - URBasic_dashboardEvent - ERROR - Dashboard connecting
2025-11-20 08:21:05,987 - URBasic_dashboardEvent - ERROR - Dashboard connecting
2025-11-20 08:21:07,991 - URBasic_dashboardEvent - ERROR - Dashboard connecting
2025-11-20 08:21:10,001 - URBasic_dashboardEvent - ERROR - Dashboard connecting
2025-11-20 08:21:12,012 - URBasic_dashboardEvent - ERROR - Dashboard connecting
2025-11-20 08:21:14,024 - URBasic_dashboardEvent - ERROR - Dashboard connecting
2025-11-20 08:21:16,025 - URBasic_dashboardEvent - ERROR - Dashboard connecting
2025-11-20 08:21:18,030 - URBasic_dashboardEvent - ERROR - Dashboard connecting
2025-11-20 08:21:20,038 - URBasic_dashboardEvent - ERROR - Dashboard connecting
2025-11-20 08:21:22,049 - URBasic_dashboardEvent - ERROR - Dashboard connecting
2025-11-20 08:21:24,051 - URBasic_dashboardEvent - ERROR - Dashboard connecting
2025-11-20 08:21:26,058 - URBasic_dashboardEvent - ERROR - Dashboard connecting
2025-11-20 08:21:28,068 - URBasic_dashboardEvent - ERROR - Dashboard connecting
2025-11-20 08:21:30,074 - URBasic_dashboardEvent - ERROR - Dashboard connecting
2025-11-20 08:21:32,086 - URBasic_dashboardEvent - ERROR - Dashboard connecting
2025-11-20 08:21:34,099 - URBasic_dashboardEvent - ERROR - Dashboard connecting
2025-11-20 08:21:36,113 - URBasic_dashboardEvent - ERROR - Dashboard connecting
2025-11-20 08:21:38,116 - URBasic_dashboardEvent - ERROR - Dashboard connecting
2025-11-20 08:21:40,125 - URBasic_dashboardEvent - ERROR - Dashboard connecting
2025-11-20 08:21:42,129 - URBasic_dashboardEvent - ERROR - Dashboard connecting
2025-11-20 08:21:44,143 - URBasic_dashboardEvent - ERROR - Dashboard connecting
2025-11-20 08:21:46,144 - URBasic_dashboardEvent - ERROR - Dashboard connecting
2025-11-20 08:21:48,152 - URBasic_dashboardEvent - ERROR - Dashboard connecting
2025-11-20 08:21:50,160 - URBasic_dashboardEvent - ERROR - Dashboard connecting
2025-11-20 08:21:52,163 - URBasic_dashboardEvent - ERROR - Dashboard connecting
2025-11-20 08:21:54,172 - URBasic_dashboardEvent - ERROR - Dashboard connecting
2025-11-20 08:21:54,172 - URBasic_dashboardEvent - WARNING - UR Dashboard connection failed!
2025-11-20 08:21:54,172 - URBasic_dashboardEvent - ERROR - UR Dashboard interface not able to connect and timed out!
