2025-11-21 04:20:11,880 - URBasic_robotModelEvent - INFO - Init done
2025-11-21 04:20:12,394 - URBasic_realTimeClientEvent - INFO - Connected
2025-11-21 04:20:12,394 - URBasic_realTimeClientEvent - INFO - RT_CLient constructor done
2025-11-21 04:20:12,395 - URBasic_dataLogEvent - INFO - DataLog constructor done
2025-11-21 04:20:12,396 - URBasic_rtdeEvent - INFO - RTDE constructor done
2025-11-21 04:20:12,911 - URBasic_dashboardEvent - INFO - Connected
2025-11-21 04:20:12,911 - URBasic_dashboardEvent - INFO - UR Dashboard respond Connected: Universal Robots Dashboard Server
2025-11-21 04:20:12,912 - URBasic_dashboardEvent - INFO - Dashboard server constructor done
2025-11-21 04:20:12,912 - URBasic_robotConnectorEvent - INFO - Init done
2025-11-21 04:20:13,387 - URBasic_rtdeEvent - INFO - Controller version: 5.11.10-0
2025-11-21 04:20:13,390 - URBasic_rtdeEvent - INFO - RTDE started
2025-11-21 04:20:13,917 - URBasic_urScriptEvent - INFO - Init done
2025-11-21 04:20:13,948 - URBasic_urScriptExtEvent - INFO - Init done
2025-11-21 04:20:13,949 - URBasic_realTimeClientEvent - INFO - Program send to Robot:
def move_l():
  write_output_boolean_register(0, True)
    movel( p[-0.243, 0.278, 0.371, -3.08, 0.163, -0.08], a=0.1, v=0.1,  r=0)


  write_output_boolean_register(1, True)
end

2025-11-21 04:20:14,057 - URBasic_realTimeClientEvent - INFO - sendProgram: Finished
2025-11-21 04:20:14,121 - URBasic_realTimeClientEvent - INFO - Program send to Robot:
def resetRegister():
  write_output_boolean_register(0, False)
  write_output_boolean_register(1, False)
end

2025-11-21 04:20:14,222 - URBasic_realTimeClientEvent - INFO - Program send to Robot:
def move_l():
  write_output_boolean_register(0, True)
    movel( p[-0.243, 0.278, 0.371, -3.08, 0.163, -0.08], a=0.1, v=0.1,  r=0)


  write_output_boolean_register(1, True)
end

2025-11-21 04:20:14,325 - URBasic_realTimeClientEvent - INFO - sendProgram: Finished
2025-11-21 04:20:14,388 - URBasic_realTimeClientEvent - INFO - Program send to Robot:
def resetRegister():
  write_output_boolean_register(0, False)
  write_output_boolean_register(1, False)
end

2025-11-21 04:20:14,499 - URBasic_realTimeClientEvent - INFO - Program send to Robot:
def move_l():
  write_output_boolean_register(0, True)
    movel( p[-0.284, 0.366, 0.153, -3.08, 0.163, -0.08], a=0.1, v=0.1,  r=0)


  write_output_boolean_register(1, True)
end

2025-11-21 04:20:14,609 - URBasic_realTimeClientEvent - INFO - sendProgram: Finished
2025-11-21 04:20:14,670 - URBasic_realTimeClientEvent - INFO - Program send to Robot:
def resetRegister():
  write_output_boolean_register(0, False)
  write_output_boolean_register(1, False)
end

2025-11-21 04:20:14,779 - URBasic_realTimeClientEvent - INFO - Program send to Robot:
def move_l():
  write_output_boolean_register(0, True)
    movel( p[-0.243, 0.278, 0.371, -3.08, 0.163, -0.08], a=0.3, v=0.1,  r=0)


  write_output_boolean_register(1, True)
end

2025-11-21 04:20:14,888 - URBasic_realTimeClientEvent - INFO - sendProgram: Finished
2025-11-21 04:20:14,939 - URBasic_realTimeClientEvent - INFO - Program send to Robot:
def resetRegister():
  write_output_boolean_register(0, False)
  write_output_boolean_register(1, False)
end

2025-11-21 04:20:15,047 - URBasic_realTimeClientEvent - INFO - Program send to Robot:
def move_l():
  write_output_boolean_register(0, True)
    movel( p[-0.268, 0.334, 0.275, -3.08, 0.163, -0.08], a=0.1, v=0.1,  r=0)


  write_output_boolean_register(1, True)
end

2025-11-21 04:20:15,158 - URBasic_realTimeClientEvent - INFO - sendProgram: Finished
2025-11-21 04:20:15,222 - URBasic_realTimeClientEvent - INFO - Program send to Robot:
def resetRegister():
  write_output_boolean_register(0, False)
  write_output_boolean_register(1, False)
end

2025-11-21 04:20:15,331 - URBasic_realTimeClientEvent - INFO - Program send to Robot:
def move_l():
  write_output_boolean_register(0, True)
    movel( p[-0.268, 0.334, 0.275, -3.08, 0.163, -0.08], a=0.1, v=0.1,  r=0)


  write_output_boolean_register(1, True)
end

2025-11-21 04:20:15,442 - URBasic_realTimeClientEvent - INFO - sendProgram: Finished
2025-11-21 04:20:15,506 - URBasic_realTimeClientEvent - INFO - Program send to Robot:
def resetRegister():
  write_output_boolean_register(0, False)
  write_output_boolean_register(1, False)
end

2025-11-21 04:20:15,619 - URBasic_realTimeClientEvent - INFO - Program send to Robot:
def move_l():
  write_output_boolean_register(0, True)
    movel( p[-0.452, 0.173, 0.133, -3.08, 0.163, -0.08], a=0.1, v=0.1,  r=0)


  write_output_boolean_register(1, True)
end

2025-11-21 04:20:15,729 - URBasic_realTimeClientEvent - INFO - sendProgram: Finished
2025-11-21 04:20:15,791 - URBasic_realTimeClientEvent - INFO - Program send to Robot:
def resetRegister():
  write_output_boolean_register(0, False)
  write_output_boolean_register(1, False)
end

2025-11-21 04:20:15,903 - URBasic_realTimeClientEvent - INFO - Program send to Robot:
def move_l():
  write_output_boolean_register(0, True)
    movel( p[-0.268, 0.334, 0.275, -3.08, 0.163, -0.08], a=0.1, v=0.1,  r=0)


  write_output_boolean_register(1, True)
end

2025-11-21 04:20:16,014 - URBasic_realTimeClientEvent - INFO - sendProgram: Finished
2025-11-21 04:20:16,077 - URBasic_realTimeClientEvent - INFO - Program send to Robot:
def resetRegister():
  write_output_boolean_register(0, False)
  write_output_boolean_register(1, False)
end

2025-11-21 04:20:16,186 - URBasic_realTimeClientEvent - INFO - Program send to Robot:
def move_l():
  write_output_boolean_register(0, True)
    movel( p[-0.38, -0.149, 0.3, -3.08, 0.163, -0.08], a=0.1, v=0.1,  r=0)


  write_output_boolean_register(1, True)
end

2025-11-21 04:20:16,296 - URBasic_realTimeClientEvent - INFO - sendProgram: Finished
2025-11-21 04:20:16,359 - URBasic_realTimeClientEvent - INFO - Program send to Robot:
def resetRegister():
  write_output_boolean_register(0, False)
  write_output_boolean_register(1, False)
end

2025-11-21 04:20:21,387 - URBasic_rtdeEvent - INFO - Total packages: 1000
2025-11-21 04:20:29,388 - URBasic_rtdeEvent - INFO - Total packages: 2000
