2025-11-20 11:49:15,533 - URBasic_robotModelEvent - INFO - Init done
2025-11-20 11:49:16,050 - URBasic_realTimeClientEvent - INFO - Connected
2025-11-20 11:49:16,050 - URBasic_realTimeClientEvent - INFO - RT_CLient constructor done
2025-11-20 11:49:16,051 - URBasic_dataLogEvent - INFO - DataLog constructor done
2025-11-20 11:49:16,052 - URBasic_rtdeEvent - INFO - RTDE constructor done
2025-11-20 11:49:16,569 - URBasic_dashboardEvent - INFO - Connected
2025-11-20 11:49:16,569 - URBasic_dashboardEvent - INFO - UR Dashboard respond Connected: Universal Robots Dashboard Server
2025-11-20 11:49:16,569 - URBasic_dashboardEvent - INFO - Dashboard server constructor done
2025-11-20 11:49:16,570 - URBasic_robotConnectorEvent - INFO - Init done
2025-11-20 11:49:16,871 - URBasic_rtdeEvent - INFO - Controller version: 5.11.10-0
2025-11-20 11:49:16,876 - URBasic_rtdeEvent - INFO - RTDE started
2025-11-20 11:49:17,586 - URBasic_urScriptEvent - INFO - Init done
2025-11-20 11:49:17,617 - URBasic_urScriptExtEvent - INFO - Init done
2025-11-20 11:49:17,729 - URBasic_realTimeClientEvent - INFO - Program send to Robot:
def move_l():
  write_output_boolean_register(0, True)
    movel( p[0.244, -0.32, 0.3, -3.122, -0.03, -0.123], a=0.4, v=0.5,  r=0)


  write_output_boolean_register(1, True)
end

2025-11-20 11:49:19,647 - URBasic_realTimeClientEvent - INFO - sendProgram: Finished
2025-11-20 11:49:19,711 - URBasic_realTimeClientEvent - INFO - Program send to Robot:
def resetRegister():
  write_output_boolean_register(0, False)
  write_output_boolean_register(1, False)
end

2025-11-20 11:49:19,821 - URBasic_realTimeClientEvent - INFO - Program send to Robot:
def move_l():
  write_output_boolean_register(0, True)
    movel( p[0.25, -0.315, 0.152, -3.122, -0.03, -0.123], a=0.4, v=0.5,  r=0)


  write_output_boolean_register(1, True)
end

2025-11-20 11:49:21,309 - URBasic_realTimeClientEvent - INFO - sendProgram: Finished
2025-11-20 11:49:21,370 - URBasic_realTimeClientEvent - INFO - Program send to Robot:
def resetRegister():
  write_output_boolean_register(0, False)
  write_output_boolean_register(1, False)
end

2025-11-20 11:49:21,479 - URBasic_realTimeClientEvent - INFO - Program send to Robot:
def move_l():
  write_output_boolean_register(0, True)
    movel( p[0.244, -0.32, 0.3, -3.122, -0.03, -0.123], a=0.3, v=0.5,  r=0)


  write_output_boolean_register(1, True)
end

2025-11-20 11:49:23,158 - URBasic_realTimeClientEvent - INFO - sendProgram: Finished
2025-11-20 11:49:23,221 - URBasic_realTimeClientEvent - INFO - Program send to Robot:
def resetRegister():
  write_output_boolean_register(0, False)
  write_output_boolean_register(1, False)
end

2025-11-20 11:49:23,331 - URBasic_realTimeClientEvent - INFO - Program send to Robot:
def move_l():
  write_output_boolean_register(0, True)
    movel( p[-0.028, -0.371, 0.282, -3.122, -0.03, -0.12], a=0.4, v=0.5,  r=0)


  write_output_boolean_register(1, True)
end

2025-11-20 11:49:24,872 - URBasic_rtdeEvent - INFO - Total packages: 1000
2025-11-20 11:49:25,242 - URBasic_realTimeClientEvent - INFO - sendProgram: Finished
2025-11-20 11:49:25,306 - URBasic_realTimeClientEvent - INFO - Program send to Robot:
def resetRegister():
  write_output_boolean_register(0, False)
  write_output_boolean_register(1, False)
end

2025-11-20 11:49:32,873 - URBasic_rtdeEvent - INFO - Total packages: 2000
