2025-11-20 11:13:27,414 - URBasic_robotModelEvent - INFO - Init done
2025-11-20 11:13:27,939 - URBasic_realTimeClientEvent - INFO - Connected
2025-11-20 11:13:27,939 - URBasic_realTimeClientEvent - INFO - RT_CLient constructor done
2025-11-20 11:13:27,940 - URBasic_dataLogEvent - INFO - DataLog constructor done
2025-11-20 11:13:27,941 - URBasic_rtdeEvent - INFO - RTDE constructor done
2025-11-20 11:13:28,456 - URBasic_dashboardEvent - INFO - Connected
2025-11-20 11:13:28,456 - URBasic_dashboardEvent - INFO - UR Dashboard respond Connected: Universal Robots Dashboard Server
2025-11-20 11:13:28,456 - URBasic_dashboardEvent - INFO - Dashboard server constructor done
2025-11-20 11:13:28,457 - URBasic_robotConnectorEvent - INFO - Init done
2025-11-20 11:13:29,147 - URBasic_rtdeEvent - INFO - Controller version: 5.11.10-0
2025-11-20 11:13:29,150 - URBasic_rtdeEvent - INFO - RTDE started
2025-11-20 11:13:29,461 - URBasic_urScriptEvent - INFO - Init done
2025-11-20 11:13:29,493 - URBasic_urScriptExtEvent - INFO - Init done
2025-11-20 11:13:37,147 - URBasic_rtdeEvent - INFO - Total packages: 1000
2025-11-20 11:13:45,147 - URBasic_rtdeEvent - INFO - Total packages: 2000
2025-11-20 11:13:53,148 - URBasic_rtdeEvent - INFO - Total packages: 3000
2025-11-20 11:14:01,148 - URBasic_rtdeEvent - INFO - Total packages: 4000
2025-11-20 11:14:09,149 - URBasic_rtdeEvent - INFO - Total packages: 5000
2025-11-20 11:14:17,150 - URBasic_rtdeEvent - INFO - Total packages: 6000
2025-11-20 11:14:25,150 - URBasic_rtdeEvent - INFO - Total packages: 7000
2025-11-20 11:14:33,149 - URBasic_rtdeEvent - INFO - Total packages: 8000
2025-11-20 11:14:41,150 - URBasic_rtdeEvent - INFO - Total packages: 9000
2025-11-20 11:14:49,150 - URBasic_rtdeEvent - INFO - Total packages: 10000
2025-11-20 11:14:57,151 - URBasic_rtdeEvent - INFO - Total packages: 11000
2025-11-20 11:15:05,151 - URBasic_rtdeEvent - INFO - Total packages: 12000
2025-11-20 11:15:13,152 - URBasic_rtdeEvent - INFO - Total packages: 13000
2025-11-20 11:15:21,152 - URBasic_rtdeEvent - INFO - Total packages: 14000
2025-11-20 11:15:29,153 - URBasic_rtdeEvent - INFO - Total packages: 15000
2025-11-20 11:15:37,153 - URBasic_rtdeEvent - INFO - Total packages: 16000
2025-11-20 11:15:45,153 - URBasic_rtdeEvent - INFO - Total packages: 17000
2025-11-20 11:15:53,153 - URBasic_rtdeEvent - INFO - Total packages: 18000
