2025-11-21 05:07:45,935 - URBasic_robotModelEvent - INFO - Init done
2025-11-21 05:07:46,444 - URBasic_realTimeClientEvent - INFO - Connected
2025-11-21 05:07:46,444 - URBasic_realTimeClientEvent - INFO - RT_CLient constructor done
2025-11-21 05:07:46,445 - URBasic_dataLogEvent - INFO - DataLog constructor done
2025-11-21 05:07:46,446 - URBasic_rtdeEvent - INFO - RTDE constructor done
2025-11-21 05:07:46,962 - URBasic_dashboardEvent - INFO - Connected
2025-11-21 05:07:46,962 - URBasic_dashboardEvent - INFO - UR Dashboard respond Connected: Universal Robots Dashboard Server
2025-11-21 05:07:46,963 - URBasic_dashboardEvent - INFO - Dashboard server constructor done
2025-11-21 05:07:46,963 - URBasic_robotConnectorEvent - INFO - Init done
2025-11-21 05:07:47,447 - URBasic_rtdeEvent - INFO - Controller version: 5.11.10-0
2025-11-21 05:07:47,450 - URBasic_rtdeEvent - INFO - RTDE started
2025-11-21 05:07:47,966 - URBasic_urScriptEvent - INFO - Init done
2025-11-21 05:07:47,998 - URBasic_urScriptExtEvent - INFO - Init done
2025-11-21 05:07:55,449 - URBasic_rtdeEvent - INFO - Total packages: 1000
2025-11-21 05:07:55,536 - URBasic_realTimeClientEvent - INFO - Program send to Robot:
def move_l():
  write_output_boolean_register(0, True)
    movel( p[-0.243, 0.278, 0.371, -3.08, 0.163, -0.08], a=0.1, v=0.1,  r=0)


  write_output_boolean_register(1, True)
end

2025-11-21 05:07:56,257 - URBasic_realTimeClientEvent - ERROR - SendProgram: Program Stopped but not finiched!!!
2025-11-21 05:07:56,320 - URBasic_realTimeClientEvent - INFO - Program send to Robot:
def resetRegister():
  write_output_boolean_register(0, False)
  write_output_boolean_register(1, False)
end

2025-11-21 05:08:03,449 - URBasic_rtdeEvent - INFO - Total packages: 2000
2025-11-21 05:08:11,450 - URBasic_rtdeEvent - INFO - Total packages: 3000
