2025-11-20 12:29:52,191 - URBasic_robotModelEvent - INFO - Init done
2025-11-20 12:29:52,703 - URBasic_realTimeClientEvent - INFO - Connected
2025-11-20 12:29:52,703 - URBasic_realTimeClientEvent - INFO - RT_CLient constructor done
2025-11-20 12:29:52,705 - URBasic_dataLogEvent - INFO - DataLog constructor done
2025-11-20 12:29:52,705 - URBasic_rtdeEvent - INFO - RTDE constructor done
2025-11-20 12:29:53,234 - URBasic_dashboardEvent - INFO - Connected
2025-11-20 12:29:53,234 - URBasic_dashboardEvent - INFO - UR Dashboard respond Connected: Universal Robots Dashboard Server
2025-11-20 12:29:53,234 - URBasic_dashboardEvent - INFO - Dashboard server constructor done
2025-11-20 12:29:53,235 - URBasic_robotConnectorEvent - INFO - Init done
2025-11-20 12:29:53,438 - URBasic_rtdeEvent - INFO - Controller version: 5.11.10-0
2025-11-20 12:29:53,441 - URBasic_rtdeEvent - INFO - RTDE started
2025-11-20 12:29:54,236 - URBasic_urScriptEvent - INFO - Init done
2025-11-20 12:29:54,268 - URBasic_urScriptExtEvent - INFO - Init done
2025-11-20 12:29:54,379 - URBasic_realTimeClientEvent - INFO - Program send to Robot:
def move_l():
  write_output_boolean_register(0, True)
    movel( p[0.244, -0.32, 0.3, -3.122, -0.03, -0.123], a=0.4, v=0.5,  r=0)


  write_output_boolean_register(1, True)
end

2025-11-20 12:29:54,486 - URBasic_realTimeClientEvent - INFO - sendProgram: Finished
2025-11-20 12:29:54,548 - URBasic_realTimeClientEvent - INFO - Program send to Robot:
def resetRegister():
  write_output_boolean_register(0, False)
  write_output_boolean_register(1, False)
end

2025-11-20 12:29:54,658 - URBasic_realTimeClientEvent - INFO - Program send to Robot:
def move_l():
  write_output_boolean_register(0, True)
    movel( p[0.25, -0.315, 0.152, -3.122, -0.03, -0.123], a=0.4, v=0.5,  r=0)


  write_output_boolean_register(1, True)
end

2025-11-20 12:29:54,894 - URBasic_realTimeClientEvent - INFO - sendProgram: Finished
2025-11-20 12:29:54,958 - URBasic_realTimeClientEvent - INFO - Program send to Robot:
def resetRegister():
  write_output_boolean_register(0, False)
  write_output_boolean_register(1, False)
end

2025-11-20 12:29:55,068 - URBasic_realTimeClientEvent - INFO - Program send to Robot:
def move_l():
  write_output_boolean_register(0, True)
    movel( p[-0.028, -0.371, 0.282, -3.122, -0.03, -0.12], a=0.4, v=0.5,  r=0)


  write_output_boolean_register(1, True)
end

2025-11-20 12:29:57,051 - URBasic_realTimeClientEvent - INFO - sendProgram: Finished
2025-11-20 12:29:57,107 - URBasic_realTimeClientEvent - INFO - Program send to Robot:
def resetRegister():
  write_output_boolean_register(0, False)
  write_output_boolean_register(1, False)
end

2025-11-20 12:29:57,217 - URBasic_realTimeClientEvent - INFO - Program send to Robot:
def move_l():
  write_output_boolean_register(0, True)
    movel( p[-0.041, -0.393, 0.155, -3.122, -0.03, -0.12], a=0.3, v=0.5,  r=0)


  write_output_boolean_register(1, True)
end

2025-11-20 12:29:58,747 - URBasic_realTimeClientEvent - INFO - sendProgram: Finished
2025-11-20 12:29:58,808 - URBasic_realTimeClientEvent - INFO - Program send to Robot:
def resetRegister():
  write_output_boolean_register(0, False)
  write_output_boolean_register(1, False)
end

2025-11-20 12:29:58,919 - URBasic_realTimeClientEvent - INFO - Program send to Robot:
def move_l():
  write_output_boolean_register(0, True)
    movel( p[0.06, -0.322, 0.405, -3.122, -0.03, -0.123], a=0.4, v=0.5,  r=0)


  write_output_boolean_register(1, True)
end

2025-11-20 12:30:00,818 - URBasic_realTimeClientEvent - INFO - sendProgram: Finished
2025-11-20 12:30:00,880 - URBasic_realTimeClientEvent - INFO - Program send to Robot:
def resetRegister():
  write_output_boolean_register(0, False)
  write_output_boolean_register(1, False)
end

2025-11-20 12:30:01,439 - URBasic_rtdeEvent - INFO - Total packages: 1000
