2025-11-20 10:52:03,962 - URBasic_robotModelEvent - INFO - Init done
2025-11-20 10:52:04,466 - URBasic_realTimeClientEvent - INFO - Connected
2025-11-20 10:52:04,466 - URBasic_realTimeClientEvent - INFO - RT_CLient constructor done
2025-11-20 10:52:04,468 - URBasic_dataLogEvent - INFO - DataLog constructor done
2025-11-20 10:52:04,469 - URBasic_rtdeEvent - INFO - RTDE constructor done
2025-11-20 10:52:04,975 - URBasic_dashboardEvent - INFO - Connected
2025-11-20 10:52:04,975 - URBasic_dashboardEvent - INFO - UR Dashboard respond Connected: Universal Robots Dashboard Server
2025-11-20 10:52:04,975 - URBasic_dashboardEvent - INFO - Dashboard server constructor done
2025-11-20 10:52:04,976 - URBasic_robotConnectorEvent - INFO - Init done
2025-11-20 10:52:05,663 - URBasic_rtdeEvent - INFO - Controller version: 5.11.10-0
2025-11-20 10:52:05,665 - URBasic_rtdeEvent - INFO - RTDE started
2025-11-20 10:52:05,988 - URBasic_urScriptEvent - INFO - Init done
2025-11-20 10:52:06,019 - URBasic_urScriptExtEvent - INFO - Init done
2025-11-20 10:52:13,664 - URBasic_rtdeEvent - INFO - Total packages: 1000
2025-11-20 10:52:21,664 - URBasic_rtdeEvent - INFO - Total packages: 2000
2025-11-20 10:52:29,664 - URBasic_rtdeEvent - INFO - Total packages: 3000
2025-11-20 10:52:37,664 - URBasic_rtdeEvent - INFO - Total packages: 4000
2025-11-20 10:52:45,665 - URBasic_rtdeEvent - INFO - Total packages: 5000
2025-11-20 10:52:53,665 - URBasic_rtdeEvent - INFO - Total packages: 6000
2025-11-20 10:53:01,666 - URBasic_rtdeEvent - INFO - Total packages: 7000
2025-11-20 10:53:09,666 - URBasic_rtdeEvent - INFO - Total packages: 8000
2025-11-20 10:53:17,667 - URBasic_rtdeEvent - INFO - Total packages: 9000
2025-11-20 10:53:25,666 - URBasic_rtdeEvent - INFO - Total packages: 10000
2025-11-20 10:53:33,667 - URBasic_rtdeEvent - INFO - Total packages: 11000
