2025-11-20 12:09:09,650 - URBasic_robotModelEvent - INFO - Init done
2025-11-20 12:09:10,153 - URBasic_realTimeClientEvent - INFO - Connected
2025-11-20 12:09:10,153 - URBasic_realTimeClientEvent - INFO - RT_CLient constructor done
2025-11-20 12:09:10,154 - URBasic_dataLogEvent - INFO - DataLog constructor done
2025-11-20 12:09:10,155 - URBasic_rtdeEvent - INFO - RTDE constructor done
2025-11-20 12:09:10,658 - URBasic_dashboardEvent - INFO - Connected
2025-11-20 12:09:10,659 - URBasic_dashboardEvent - INFO - UR Dashboard respond Connected: Universal Robots Dashboard Server
2025-11-20 12:09:10,659 - URBasic_dashboardEvent - INFO - Dashboard server constructor done
2025-11-20 12:09:10,659 - URBasic_robotConnectorEvent - INFO - Init done
2025-11-20 12:09:11,523 - URBasic_rtdeEvent - INFO - Controller version: 5.11.10-0
2025-11-20 12:09:11,526 - URBasic_rtdeEvent - INFO - RTDE started
2025-11-20 12:09:11,673 - URBasic_urScriptEvent - INFO - Init done
2025-11-20 12:09:11,706 - URBasic_urScriptExtEvent - INFO - Init done
2025-11-20 12:09:11,816 - URBasic_realTimeClientEvent - INFO - Program send to Robot:
def move_l():
  write_output_boolean_register(0, True)
    movel( p[0.244, -0.32, 0.3, -3.122, -0.03, -0.123], a=0.4, v=0.5,  r=0)


  write_output_boolean_register(1, True)
end

2025-11-20 12:09:13,693 - URBasic_realTimeClientEvent - INFO - sendProgram: Finished
2025-11-20 12:09:13,758 - URBasic_realTimeClientEvent - INFO - Program send to Robot:
def resetRegister():
  write_output_boolean_register(0, False)
  write_output_boolean_register(1, False)
end

2025-11-20 12:09:13,859 - URBasic_realTimeClientEvent - INFO - Program send to Robot:
def move_l():
  write_output_boolean_register(0, True)
    movel( p[0.25, -0.315, 0.152, -3.122, -0.03, -0.123], a=0.4, v=0.5,  r=0)


  write_output_boolean_register(1, True)
end

2025-11-20 12:09:15,329 - URBasic_realTimeClientEvent - INFO - sendProgram: Finished
2025-11-20 12:09:15,392 - URBasic_realTimeClientEvent - INFO - Program send to Robot:
def resetRegister():
  write_output_boolean_register(0, False)
  write_output_boolean_register(1, False)
end

2025-11-20 12:09:15,500 - URBasic_realTimeClientEvent - INFO - Program send to Robot:
def move_l():
  write_output_boolean_register(0, True)
    movel( p[0.244, -0.32, 0.3, -3.122, -0.03, -0.123], a=0.3, v=0.5,  r=0)


  write_output_boolean_register(1, True)
end

2025-11-20 12:09:17,176 - URBasic_realTimeClientEvent - INFO - sendProgram: Finished
2025-11-20 12:09:17,237 - URBasic_realTimeClientEvent - INFO - Program send to Robot:
def resetRegister():
  write_output_boolean_register(0, False)
  write_output_boolean_register(1, False)
end

2025-11-20 12:09:17,348 - URBasic_realTimeClientEvent - INFO - Program send to Robot:
def move_l():
  write_output_boolean_register(0, True)
    movel( p[-0.028, -0.371, 0.282, -3.122, -0.03, -0.12], a=0.4, v=0.5,  r=0)


  write_output_boolean_register(1, True)
end

2025-11-20 12:09:19,247 - URBasic_realTimeClientEvent - INFO - sendProgram: Finished
2025-11-20 12:09:19,310 - URBasic_realTimeClientEvent - INFO - Program send to Robot:
def resetRegister():
  write_output_boolean_register(0, False)
  write_output_boolean_register(1, False)
end

2025-11-20 12:09:19,524 - URBasic_rtdeEvent - INFO - Total packages: 1000
2025-11-20 12:09:27,524 - URBasic_rtdeEvent - INFO - Total packages: 2000
2025-11-20 12:09:35,524 - URBasic_rtdeEvent - INFO - Total packages: 3000
2025-11-20 12:09:43,524 - URBasic_rtdeEvent - INFO - Total packages: 4000
