2025-11-20 11:32:16,819 - URBasic_robotModelEvent - INFO - Init done
2025-11-20 11:32:17,336 - URBasic_realTimeClientEvent - INFO - Connected
2025-11-20 11:32:17,336 - URBasic_realTimeClientEvent - INFO - RT_CLient constructor done
2025-11-20 11:32:17,337 - URBasic_dataLogEvent - INFO - DataLog constructor done
2025-11-20 11:32:17,338 - URBasic_rtdeEvent - INFO - RTDE constructor done
2025-11-20 11:32:17,840 - URBasic_dashboardEvent - INFO - Connected
2025-11-20 11:32:17,840 - URBasic_dashboardEvent - INFO - UR Dashboard respond Connected: Universal Robots Dashboard Server
2025-11-20 11:32:17,841 - URBasic_dashboardEvent - INFO - Dashboard server constructor done
2025-11-20 11:32:17,841 - URBasic_robotConnectorEvent - INFO - Init done
2025-11-20 11:32:18,627 - URBasic_rtdeEvent - INFO - Controller version: 5.11.10-0
2025-11-20 11:32:18,630 - URBasic_rtdeEvent - INFO - RTDE started
2025-11-20 11:32:18,843 - URBasic_urScriptEvent - INFO - Init done
2025-11-20 11:32:18,874 - URBasic_urScriptExtEvent - INFO - Init done
2025-11-20 11:32:18,986 - URBasic_realTimeClientEvent - INFO - Program send to Robot:
def move_l():
  write_output_boolean_register(0, True)
    movel( p[0.244, -0.32, 0.3, -3.122, -0.03, -0.123], a=0.4, v=0.5,  r=0)


  write_output_boolean_register(1, True)
end

2025-11-20 11:32:20,888 - URBasic_realTimeClientEvent - INFO - sendProgram: Finished
2025-11-20 11:32:20,951 - URBasic_realTimeClientEvent - INFO - Program send to Robot:
def resetRegister():
  write_output_boolean_register(0, False)
  write_output_boolean_register(1, False)
end

2025-11-20 11:32:21,061 - URBasic_realTimeClientEvent - INFO - Program send to Robot:
def move_l():
  write_output_boolean_register(0, True)
    movel( p[0.25, -0.315, 0.152, -3.122, -0.03, -0.123], a=0.4, v=0.5,  r=0)


  write_output_boolean_register(1, True)
end

2025-11-20 11:32:22,546 - URBasic_realTimeClientEvent - INFO - sendProgram: Finished
2025-11-20 11:32:22,610 - URBasic_realTimeClientEvent - INFO - Program send to Robot:
def resetRegister():
  write_output_boolean_register(0, False)
  write_output_boolean_register(1, False)
end

2025-11-20 11:32:22,711 - URBasic_realTimeClientEvent - INFO - Program send to Robot:
def move_l():
  write_output_boolean_register(0, True)
    movel( p[0.244, -0.32, 0.3, -3.122, -0.03, -0.123], a=0.3, v=0.5,  r=0)


  write_output_boolean_register(1, True)
end

2025-11-20 11:32:24,372 - URBasic_realTimeClientEvent - INFO - sendProgram: Finished
2025-11-20 11:32:24,435 - URBasic_realTimeClientEvent - INFO - Program send to Robot:
def resetRegister():
  write_output_boolean_register(0, False)
  write_output_boolean_register(1, False)
end

2025-11-20 11:32:24,536 - URBasic_realTimeClientEvent - INFO - Program send to Robot:
def move_l():
  write_output_boolean_register(0, True)
    movel( p[-0.028, -0.371, 0.282, -3.122, -0.03, -0.12], a=0.4, v=0.5,  r=0)


  write_output_boolean_register(1, True)
end

2025-11-20 11:32:26,428 - URBasic_realTimeClientEvent - INFO - sendProgram: Finished
2025-11-20 11:32:26,492 - URBasic_realTimeClientEvent - INFO - Program send to Robot:
def resetRegister():
  write_output_boolean_register(0, False)
  write_output_boolean_register(1, False)
end

2025-11-20 11:32:26,627 - URBasic_rtdeEvent - INFO - Total packages: 1000
2025-11-20 11:32:34,628 - URBasic_rtdeEvent - INFO - Total packages: 2000
2025-11-20 11:32:42,628 - URBasic_rtdeEvent - INFO - Total packages: 3000
2025-11-20 11:32:50,628 - URBasic_rtdeEvent - INFO - Total packages: 4000
2025-11-20 11:32:58,629 - URBasic_rtdeEvent - INFO - Total packages: 5000
