2025-11-20 08:25:38,578 - URBasic_robotModelEvent - INFO - Init done
2025-11-20 08:25:39,589 - URBasic_realTimeClientEvent - ERROR - RTC connecting
2025-11-20 08:25:40,594 - URBasic_realTimeClientEvent - ERROR - RTC connecting
2025-11-20 08:25:41,596 - URBasic_realTimeClientEvent - ERROR - RTC connecting
2025-11-20 08:25:42,598 - URBasic_realTimeClientEvent - ERROR - RTC connecting
2025-11-20 08:25:43,603 - URBasic_realTimeClientEvent - ERROR - RTC connecting
2025-11-20 08:25:44,610 - URBasic_realTimeClientEvent - ERROR - RTC connecting
2025-11-20 08:25:45,625 - URBasic_realTimeClientEvent - ERROR - RTC connecting
2025-11-20 08:25:46,631 - URBasic_realTimeClientEvent - ERROR - RTC connecting
2025-11-20 08:25:47,631 - URBasic_realTimeClientEvent - ERROR - RTC connecting
2025-11-20 08:25:48,647 - URBasic_realTimeClientEvent - ERROR - RTC connecting
2025-11-20 08:25:49,649 - URBasic_realTimeClientEvent - ERROR - RTC connecting
2025-11-20 08:25:50,658 - URBasic_realTimeClientEvent - ERROR - RTC connecting
2025-11-20 08:25:51,673 - URBasic_realTimeClientEvent - ERROR - RTC connecting
2025-11-20 08:25:52,677 - URBasic_realTimeClientEvent - ERROR - RTC connecting
2025-11-20 08:25:53,679 - URBasic_realTimeClientEvent - ERROR - RTC connecting
2025-11-20 08:25:54,681 - URBasic_realTimeClientEvent - ERROR - RTC connecting
2025-11-20 08:25:55,695 - URBasic_realTimeClientEvent - ERROR - RTC connecting
2025-11-20 08:25:56,697 - URBasic_realTimeClientEvent - ERROR - RTC connecting
2025-11-20 08:25:57,698 - URBasic_realTimeClientEvent - ERROR - RTC connecting
2025-11-20 08:25:58,709 - URBasic_realTimeClientEvent - ERROR - RTC connecting
2025-11-20 08:25:59,723 - URBasic_realTimeClientEvent - ERROR - RTC connecting
2025-11-20 08:26:00,726 - URBasic_realTimeClientEvent - ERROR - RTC connecting
2025-11-20 08:26:01,737 - URBasic_realTimeClientEvent - ERROR - RTC connecting
2025-11-20 08:26:02,747 - URBasic_realTimeClientEvent - ERROR - RTC connecting
2025-11-20 08:26:03,753 - URBasic_realTimeClientEvent - ERROR - RTC connecting
2025-11-20 08:26:04,760 - URBasic_realTimeClientEvent - ERROR - RTC connecting
2025-11-20 08:26:05,762 - URBasic_realTimeClientEvent - ERROR - RTC connecting
2025-11-20 08:26:06,767 - URBasic_realTimeClientEvent - ERROR - RTC connecting
2025-11-20 08:26:07,769 - URBasic_realTimeClientEvent - ERROR - RTC connecting
2025-11-20 08:26:08,769 - URBasic_realTimeClientEvent - ERROR - RTC connecting
2025-11-20 08:26:09,779 - URBasic_realTimeClientEvent - ERROR - RTC connecting
2025-11-20 08:26:10,787 - URBasic_realTimeClientEvent - ERROR - RTC connecting
2025-11-20 08:26:11,797 - URBasic_realTimeClientEvent - ERROR - RTC connecting
2025-11-20 08:26:12,803 - URBasic_realTimeClientEvent - ERROR - RTC connecting
2025-11-20 08:26:13,804 - URBasic_realTimeClientEvent - ERROR - RTC connecting
2025-11-20 08:26:14,815 - URBasic_realTimeClientEvent - ERROR - RTC connecting
2025-11-20 08:26:15,830 - URBasic_realTimeClientEvent - ERROR - RTC connecting
2025-11-20 08:26:16,832 - URBasic_realTimeClientEvent - ERROR - RTC connecting
2025-11-20 08:26:17,847 - URBasic_realTimeClientEvent - ERROR - RTC connecting
2025-11-20 08:26:18,859 - URBasic_realTimeClientEvent - ERROR - RTC connecting
2025-11-20 08:26:19,861 - URBasic_realTimeClientEvent - ERROR - RTC connecting
2025-11-20 08:26:20,872 - URBasic_realTimeClientEvent - ERROR - RTC connecting
2025-11-20 08:26:21,882 - URBasic_realTimeClientEvent - ERROR - RTC connecting
2025-11-20 08:26:22,893 - URBasic_realTimeClientEvent - ERROR - RTC connecting
2025-11-20 08:26:23,906 - URBasic_realTimeClientEvent - ERROR - RTC connecting
2025-11-20 08:26:24,920 - URBasic_realTimeClientEvent - ERROR - RTC connecting
2025-11-20 08:26:25,926 - URBasic_realTimeClientEvent - ERROR - RTC connecting
2025-11-20 08:26:26,972 - URBasic_realTimeClientEvent - ERROR - RTC connecting
2025-11-20 08:26:27,984 - URBasic_realTimeClientEvent - ERROR - RTC connecting
2025-11-20 08:26:28,999 - URBasic_realTimeClientEvent - ERROR - RTC connecting
2025-11-20 08:26:30,009 - URBasic_realTimeClientEvent - ERROR - RTC connecting
2025-11-20 08:26:31,010 - URBasic_realTimeClientEvent - ERROR - RTC connecting
2025-11-20 08:26:32,025 - URBasic_realTimeClientEvent - ERROR - RTC connecting
2025-11-20 08:26:33,040 - URBasic_realTimeClientEvent - ERROR - RTC connecting
2025-11-20 08:26:34,052 - URBasic_realTimeClientEvent - ERROR - RTC connecting
2025-11-20 08:26:35,060 - URBasic_realTimeClientEvent - ERROR - RTC connecting
2025-11-20 08:26:36,064 - URBasic_realTimeClientEvent - ERROR - RTC connecting
2025-11-20 08:26:37,064 - URBasic_realTimeClientEvent - ERROR - RTC connecting
2025-11-20 08:26:38,072 - URBasic_realTimeClientEvent - ERROR - RTC connecting
2025-11-20 08:26:39,087 - URBasic_realTimeClientEvent - ERROR - RTC connecting
2025-11-20 08:26:39,087 - URBasic_realTimeClientEvent - INFO - RT_CLient constructor done but not connected
2025-11-20 08:26:39,088 - URBasic_dataLogEvent - INFO - DataLog constructor done
2025-11-20 08:26:39,089 - URBasic_rtdeEvent - INFO - RTDE constructor done
2025-11-20 08:26:41,104 - URBasic_dashboardEvent - ERROR - Dashboard connecting
2025-11-20 08:26:43,118 - URBasic_dashboardEvent - ERROR - Dashboard connecting
2025-11-20 08:26:45,132 - URBasic_dashboardEvent - ERROR - Dashboard connecting
2025-11-20 08:26:47,146 - URBasic_dashboardEvent - ERROR - Dashboard connecting
2025-11-20 08:26:49,159 - URBasic_dashboardEvent - ERROR - Dashboard connecting
2025-11-20 08:26:51,182 - URBasic_dashboardEvent - ERROR - Dashboard connecting
2025-11-20 08:26:53,188 - URBasic_dashboardEvent - ERROR - Dashboard connecting
2025-11-20 08:26:55,204 - URBasic_dashboardEvent - ERROR - Dashboard connecting
2025-11-20 08:26:57,209 - URBasic_dashboardEvent - ERROR - Dashboard connecting
2025-11-20 08:26:59,222 - URBasic_dashboardEvent - ERROR - Dashboard connecting
2025-11-20 08:27:01,237 - URBasic_dashboardEvent - ERROR - Dashboard connecting
